<?xml version="1.0" encoding="utf-8"?>
<coverage line-rate="0.28600000000000003" branch-rate="0.2964" version="1.9" timestamp="1743471472" lines-covered="883" lines-valid="3087" branches-covered="198" branches-valid="668">
  <sources>
    <source>C:\Users\drivera3\source\repos\CapstoneProjectGroup7\code\CapstoneProjectG7\TicketSystemWeb\</source>
  </sources>
  <packages>
    <package name="TicketSystemWeb" line-rate="0.28600000000000003" branch-rate="0.2964" complexity="824">
      <classes>
        <class name="Program/&lt;&lt;Main&gt;$&gt;d__0" filename="Program.cs" line-rate="0" branch-rate="0" complexity="2">
          <methods>
            <method name="MoveNext" signature="()" line-rate="0" branch-rate="0" complexity="2">
              <lines>
                <line number="6" hits="0" branch="False" />
                <line number="8" hits="0" branch="False" />
                <line number="9" hits="0" branch="False" />
                <line number="11" hits="0" branch="False" />
                <line number="12" hits="0" branch="False" />
                <line number="14" hits="0" branch="False" />
                <line number="15" hits="0" branch="False" />
                <line number="16" hits="0" branch="False" />
                <line number="18" hits="0" branch="False" />
                <line number="19" hits="0" branch="False" />
                <line number="20" hits="0" branch="False" />
                <line number="21" hits="0" branch="False" />
                <line number="22" hits="0" branch="False" />
                <line number="23" hits="0" branch="False" />
                <line number="24" hits="0" branch="False" />
                <line number="25" hits="0" branch="False" />
                <line number="27" hits="0" branch="False" />
                <line number="28" hits="0" branch="False" />
                <line number="29" hits="0" branch="False" />
                <line number="30" hits="0" branch="False" />
                <line number="32" hits="0" branch="False" />
                <line number="34" hits="0" branch="False" />
                <line number="35" hits="0" branch="False" />
                <line number="36" hits="0" branch="False" />
                <line number="37" hits="0" branch="False" />
                <line number="38" hits="0" branch="False" />
                <line number="39" hits="0" branch="False" />
                <line number="40" hits="0" branch="False" />
                <line number="42" hits="0" branch="True" condition-coverage="0% (0/2)">
                  <conditions>
                    <condition number="548" type="jump" coverage="0%" />
                  </conditions>
                </line>
                <line number="43" hits="0" branch="False" />
                <line number="44" hits="0" branch="False" />
                <line number="46" hits="0" branch="False" />
                <line number="47" hits="0" branch="False" />
                <line number="49" hits="0" branch="False" />
                <line number="50" hits="0" branch="False" />
                <line number="52" hits="0" branch="False" />
                <line number="54" hits="0" branch="False" />
                <line number="55" hits="0" branch="False" />
                <line number="57" hits="0" branch="False" />
                <line number="58" hits="0" branch="False" />
                <line number="59" hits="0" branch="False" />
                <line number="61" hits="0" branch="False" />
                <line number="63" hits="0" branch="False" />
              </lines>
            </method>
          </methods>
          <lines>
            <line number="6" hits="0" branch="False" />
            <line number="8" hits="0" branch="False" />
            <line number="9" hits="0" branch="False" />
            <line number="11" hits="0" branch="False" />
            <line number="12" hits="0" branch="False" />
            <line number="14" hits="0" branch="False" />
            <line number="15" hits="0" branch="False" />
            <line number="16" hits="0" branch="False" />
            <line number="18" hits="0" branch="False" />
            <line number="19" hits="0" branch="False" />
            <line number="20" hits="0" branch="False" />
            <line number="21" hits="0" branch="False" />
            <line number="22" hits="0" branch="False" />
            <line number="23" hits="0" branch="False" />
            <line number="24" hits="0" branch="False" />
            <line number="25" hits="0" branch="False" />
            <line number="27" hits="0" branch="False" />
            <line number="28" hits="0" branch="False" />
            <line number="29" hits="0" branch="False" />
            <line number="30" hits="0" branch="False" />
            <line number="32" hits="0" branch="False" />
            <line number="34" hits="0" branch="False" />
            <line number="35" hits="0" branch="False" />
            <line number="36" hits="0" branch="False" />
            <line number="37" hits="0" branch="False" />
            <line number="38" hits="0" branch="False" />
            <line number="39" hits="0" branch="False" />
            <line number="40" hits="0" branch="False" />
            <line number="42" hits="0" branch="True" condition-coverage="0% (0/2)">
              <conditions>
                <condition number="548" type="jump" coverage="0%" />
              </conditions>
            </line>
            <line number="43" hits="0" branch="False" />
            <line number="44" hits="0" branch="False" />
            <line number="46" hits="0" branch="False" />
            <line number="47" hits="0" branch="False" />
            <line number="49" hits="0" branch="False" />
            <line number="50" hits="0" branch="False" />
            <line number="52" hits="0" branch="False" />
            <line number="54" hits="0" branch="False" />
            <line number="55" hits="0" branch="False" />
            <line number="57" hits="0" branch="False" />
            <line number="58" hits="0" branch="False" />
            <line number="59" hits="0" branch="False" />
            <line number="61" hits="0" branch="False" />
            <line number="63" hits="0" branch="False" />
          </lines>
        </class>
        <class name="AspNetCoreGeneratedDocument.Views_Account_Login/&lt;ExecuteAsync&gt;d__32" filename="Views\Account\Login.cshtml" line-rate="0" branch-rate="0" complexity="4">
          <methods>
            <method name="MoveNext" signature="()" line-rate="0" branch-rate="0" complexity="4">
              <lines>
                <line number="3" hits="0" branch="True" condition-coverage="0% (0/4)">
                  <conditions>
                    <condition number="330" type="jump" coverage="0%" />
                    <condition number="768" type="jump" coverage="0%" />
                  </conditions>
                </line>
              </lines>
            </method>
          </methods>
          <lines>
            <line number="3" hits="0" branch="True" condition-coverage="0% (0/4)">
              <conditions>
                <condition number="330" type="jump" coverage="0%" />
                <condition number="768" type="jump" coverage="0%" />
              </conditions>
            </line>
          </lines>
        </class>
        <class name="AspNetCoreGeneratedDocument.Views_Employees_Employees/&lt;ExecuteAsync&gt;d__17" filename="Views\Employees\Employees.cshtml" line-rate="0" branch-rate="0" complexity="62">
          <methods>
            <method name="MoveNext" signature="()" line-rate="0" branch-rate="0" complexity="62">
              <lines>
                <line number="22" hits="0" branch="True" condition-coverage="0% (0/2)">
                  <conditions>
                    <condition number="2015" type="jump" coverage="0%" />
                  </conditions>
                </line>
                <line number="23" hits="0" branch="True" condition-coverage="0% (0/2)">
                  <conditions>
                    <condition number="292" type="jump" coverage="0%" />
                  </conditions>
                </line>
                <line number="30" hits="0" branch="True" condition-coverage="0% (0/28)">
                  <conditions>
                    <condition number="334" type="jump" coverage="0%" />
                    <condition number="402" type="jump" coverage="0%" />
                    <condition number="480" type="jump" coverage="0%" />
                    <condition number="574" type="jump" coverage="0%" />
                    <condition number="643" type="jump" coverage="0%" />
                    <condition number="653" type="jump" coverage="0%" />
                    <condition number="731" type="jump" coverage="0%" />
                    <condition number="813" type="jump" coverage="0%" />
                    <condition number="925" type="jump" coverage="0%" />
                    <condition number="994" type="jump" coverage="0%" />
                    <condition number="1004" type="jump" coverage="0%" />
                    <condition number="1082" type="jump" coverage="0%" />
                    <condition number="1171" type="jump" coverage="0%" />
                    <condition number="1273" type="jump" coverage="0%" />
                  </conditions>
                </line>
                <line number="31" hits="0" branch="False" />
                <line number="40" hits="0" branch="False" />
                <line number="43" hits="0" branch="False" />
                <line number="47" hits="0" branch="True" condition-coverage="0% (0/24)">
                  <conditions>
                    <condition number="2099" type="jump" coverage="0%" />
                    <condition number="2109" type="jump" coverage="0%" />
                    <condition number="2177" type="jump" coverage="0%" />
                    <condition number="2257" type="jump" coverage="0%" />
                    <condition number="2335" type="jump" coverage="0%" />
                    <condition number="2429" type="jump" coverage="0%" />
                    <condition number="2498" type="jump" coverage="0%" />
                    <condition number="2508" type="jump" coverage="0%" />
                    <condition number="2586" type="jump" coverage="0%" />
                    <condition number="2664" type="jump" coverage="0%" />
                    <condition number="2735" type="jump" coverage="0%" />
                    <condition number="2853" type="jump" coverage="0%" />
                  </conditions>
                </line>
                <line number="48" hits="0" branch="False" />
                <line number="56" hits="0" branch="True" condition-coverage="0% (0/6)">
                  <conditions>
                    <condition number="3217" type="jump" coverage="0%" />
                    <condition number="3729" type="jump" coverage="0%" />
                    <condition number="4381" type="jump" coverage="0%" />
                  </conditions>
                </line>
              </lines>
            </method>
          </methods>
          <lines>
            <line number="22" hits="0" branch="True" condition-coverage="0% (0/2)">
              <conditions>
                <condition number="2015" type="jump" coverage="0%" />
              </conditions>
            </line>
            <line number="23" hits="0" branch="True" condition-coverage="0% (0/2)">
              <conditions>
                <condition number="292" type="jump" coverage="0%" />
              </conditions>
            </line>
            <line number="30" hits="0" branch="True" condition-coverage="0% (0/28)">
              <conditions>
                <condition number="334" type="jump" coverage="0%" />
                <condition number="402" type="jump" coverage="0%" />
                <condition number="480" type="jump" coverage="0%" />
                <condition number="574" type="jump" coverage="0%" />
                <condition number="643" type="jump" coverage="0%" />
                <condition number="653" type="jump" coverage="0%" />
                <condition number="731" type="jump" coverage="0%" />
                <condition number="813" type="jump" coverage="0%" />
                <condition number="925" type="jump" coverage="0%" />
                <condition number="994" type="jump" coverage="0%" />
                <condition number="1004" type="jump" coverage="0%" />
                <condition number="1082" type="jump" coverage="0%" />
                <condition number="1171" type="jump" coverage="0%" />
                <condition number="1273" type="jump" coverage="0%" />
              </conditions>
            </line>
            <line number="31" hits="0" branch="False" />
            <line number="40" hits="0" branch="False" />
            <line number="43" hits="0" branch="False" />
            <line number="47" hits="0" branch="True" condition-coverage="0% (0/24)">
              <conditions>
                <condition number="2099" type="jump" coverage="0%" />
                <condition number="2109" type="jump" coverage="0%" />
                <condition number="2177" type="jump" coverage="0%" />
                <condition number="2257" type="jump" coverage="0%" />
                <condition number="2335" type="jump" coverage="0%" />
                <condition number="2429" type="jump" coverage="0%" />
                <condition number="2498" type="jump" coverage="0%" />
                <condition number="2508" type="jump" coverage="0%" />
                <condition number="2586" type="jump" coverage="0%" />
                <condition number="2664" type="jump" coverage="0%" />
                <condition number="2735" type="jump" coverage="0%" />
                <condition number="2853" type="jump" coverage="0%" />
              </conditions>
            </line>
            <line number="48" hits="0" branch="False" />
            <line number="56" hits="0" branch="True" condition-coverage="0% (0/6)">
              <conditions>
                <condition number="3217" type="jump" coverage="0%" />
                <condition number="3729" type="jump" coverage="0%" />
                <condition number="4381" type="jump" coverage="0%" />
              </conditions>
            </line>
          </lines>
        </class>
        <class name="AspNetCoreGeneratedDocument.Views_Home_Index/&lt;&lt;ExecuteAsync&gt;b__14_1&gt;d" filename="Views\Home\Index.cshtml" line-rate="0" branch-rate="0" complexity="216">
          <methods>
            <method name="MoveNext" signature="()" line-rate="0" branch-rate="0" complexity="216">
              <lines>
                <line number="17" hits="0" branch="True" condition-coverage="0% (0/6)">
                  <conditions>
                    <condition number="151" type="jump" coverage="0%" />
                    <condition number="211" type="jump" coverage="0%" />
                    <condition number="2120" type="jump" coverage="0%" />
                  </conditions>
                </line>
                <line number="18" hits="0" branch="True" condition-coverage="0% (0/36)">
                  <conditions>
                    <condition number="442" type="jump" coverage="0%" />
                    <condition number="510" type="jump" coverage="0%" />
                    <condition number="604" type="jump" coverage="0%" />
                    <condition number="691" type="jump" coverage="0%" />
                    <condition number="809" type="jump" coverage="0%" />
                    <condition number="961" type="jump" coverage="0%" />
                    <condition number="1120" type="jump" coverage="0%" />
                    <condition number="1212" type="jump" coverage="0%" />
                    <condition number="1317" type="jump" coverage="0%" />
                    <condition number="1409" type="jump" coverage="0%" />
                    <condition number="1477" type="jump" coverage="0%" />
                    <condition number="1555" type="jump" coverage="0%" />
                    <condition number="1626" type="jump" coverage="0%" />
                    <condition number="1720" type="jump" coverage="0%" />
                    <condition number="1727" type="jump" coverage="0%" />
                    <condition number="1814" type="jump" coverage="0%" />
                    <condition number="1891" type="jump" coverage="0%" />
                    <condition number="1983" type="jump" coverage="0%" />
                  </conditions>
                </line>
                <line number="24" hits="0" branch="False" />
                <line number="28" hits="0" branch="True" condition-coverage="0% (0/4)">
                  <conditions>
                    <condition number="2189" type="jump" coverage="0%" />
                    <condition number="2220" type="jump" coverage="0%" />
                  </conditions>
                </line>
                <line number="29" hits="0" branch="False" />
                <line number="31" hits="0" branch="False" />
                <line number="33" hits="0" branch="False" />
                <line number="36" hits="0" branch="True" condition-coverage="0% (0/16)">
                  <conditions>
                    <condition number="2314" type="jump" coverage="0%" />
                    <condition number="2382" type="jump" coverage="0%" />
                    <condition number="2460" type="jump" coverage="0%" />
                    <condition number="2555" type="jump" coverage="0%" />
                    <condition number="2625" type="jump" coverage="0%" />
                    <condition number="2635" type="jump" coverage="0%" />
                    <condition number="2714" type="jump" coverage="0%" />
                    <condition number="2812" type="jump" coverage="0%" />
                  </conditions>
                </line>
                <line number="37" hits="0" branch="False" />
                <line number="39" hits="0" branch="False" />
                <line number="40" hits="0" branch="True" condition-coverage="0% (0/16)">
                  <conditions>
                    <condition number="2838" type="jump" coverage="0%" />
                    <condition number="2906" type="jump" coverage="0%" />
                    <condition number="2984" type="jump" coverage="0%" />
                    <condition number="3079" type="jump" coverage="0%" />
                    <condition number="3149" type="jump" coverage="0%" />
                    <condition number="3159" type="jump" coverage="0%" />
                    <condition number="3238" type="jump" coverage="0%" />
                    <condition number="3338" type="jump" coverage="0%" />
                  </conditions>
                </line>
                <line number="41" hits="0" branch="False" />
                <line number="43" hits="0" branch="False" />
                <line number="47" hits="0" branch="True" condition-coverage="0% (0/2)">
                  <conditions>
                    <condition number="7977" type="jump" coverage="0%" />
                  </conditions>
                </line>
                <line number="48" hits="0" branch="True" condition-coverage="0% (0/36)">
                  <conditions>
                    <condition number="3605" type="jump" coverage="0%" />
                    <condition number="3673" type="jump" coverage="0%" />
                    <condition number="3760" type="jump" coverage="0%" />
                    <condition number="3859" type="jump" coverage="0%" />
                    <condition number="3927" type="jump" coverage="0%" />
                    <condition number="4014" type="jump" coverage="0%" />
                    <condition number="4130" type="jump" coverage="0%" />
                    <condition number="4198" type="jump" coverage="0%" />
                    <condition number="4285" type="jump" coverage="0%" />
                    <condition number="4384" type="jump" coverage="0%" />
                    <condition number="4452" type="jump" coverage="0%" />
                    <condition number="4539" type="jump" coverage="0%" />
                    <condition number="4700" type="jump" coverage="0%" />
                    <condition number="4768" type="jump" coverage="0%" />
                    <condition number="4855" type="jump" coverage="0%" />
                    <condition number="4954" type="jump" coverage="0%" />
                    <condition number="5022" type="jump" coverage="0%" />
                    <condition number="5109" type="jump" coverage="0%" />
                  </conditions>
                </line>
                <line number="60" hits="0" branch="True" condition-coverage="0% (0/6)">
                  <conditions>
                    <condition number="5183" type="jump" coverage="0%" />
                    <condition number="5204" type="jump" coverage="0%" />
                    <condition number="5263" type="jump" coverage="0%" />
                  </conditions>
                </line>
                <line number="61" hits="0" branch="False" />
                <line number="63" hits="0" branch="False" />
                <line number="65" hits="0" branch="False" />
                <line number="66" hits="0" branch="True" condition-coverage="0% (0/4)">
                  <conditions>
                    <condition number="5329" type="jump" coverage="0%" />
                    <condition number="5362" type="jump" coverage="0%" />
                  </conditions>
                </line>
                <line number="67" hits="0" branch="False" />
                <line number="68" hits="0" branch="True" condition-coverage="0% (0/4)">
                  <conditions>
                    <condition number="5408" type="jump" coverage="0%" />
                    <condition number="5490" type="jump" coverage="0%" />
                  </conditions>
                </line>
                <line number="70" hits="0" branch="True" condition-coverage="0% (0/10)">
                  <conditions>
                    <condition number="5617" type="jump" coverage="0%" />
                    <condition number="5629" type="jump" coverage="0%" />
                    <condition number="5647" type="jump" coverage="0%" />
                    <condition number="5689" type="jump" coverage="0%" />
                    <condition number="7895" type="jump" coverage="0%" />
                  </conditions>
                </line>
                <line number="71" hits="0" branch="False" />
                <line number="72" hits="0" branch="True" condition-coverage="0% (0/22)">
                  <conditions>
                    <condition number="5740" type="jump" coverage="0%" />
                    <condition number="5822" type="jump" coverage="0%" />
                    <condition number="6006" type="jump" coverage="0%" />
                    <condition number="6074" type="jump" coverage="0%" />
                    <condition number="6161" type="jump" coverage="0%" />
                    <condition number="6260" type="jump" coverage="0%" />
                    <condition number="6328" type="jump" coverage="0%" />
                    <condition number="6415" type="jump" coverage="0%" />
                    <condition number="6657" type="jump" coverage="0%" />
                    <condition number="6749" type="jump" coverage="0%" />
                    <condition number="6821" type="jump" coverage="0%" />
                  </conditions>
                </line>
                <line number="96" hits="0" branch="True" condition-coverage="0% (0/8)">
                  <conditions>
                    <condition number="7284" type="jump" coverage="0%" />
                    <condition number="7294" type="jump" coverage="0%" />
                    <condition number="7362" type="jump" coverage="0%" />
                    <condition number="7464" type="jump" coverage="0%" />
                  </conditions>
                </line>
                <line number="97" hits="0" branch="False" />
                <line number="106" hits="0" branch="False" />
                <line number="109" hits="0" branch="False" />
                <line number="112" hits="0" branch="False" />
                <line number="115" hits="0" branch="True" condition-coverage="0% (0/2)">
                  <conditions>
                    <condition number="8359" type="jump" coverage="0%" />
                  </conditions>
                </line>
                <line number="132" hits="0" branch="True" condition-coverage="0% (0/4)">
                  <conditions>
                    <condition number="9262" type="jump" coverage="0%" />
                    <condition number="9626" type="jump" coverage="0%" />
                  </conditions>
                </line>
                <line number="133" hits="0" branch="True" condition-coverage="0% (0/2)">
                  <conditions>
                    <condition number="9057" type="jump" coverage="0%" />
                  </conditions>
                </line>
                <line number="135" hits="0" branch="False" />
                <line number="146" hits="0" branch="True" condition-coverage="0% (0/6)">
                  <conditions>
                    <condition number="9819" type="jump" coverage="0%" />
                    <condition number="10605" type="jump" coverage="0%" />
                    <condition number="10972" type="jump" coverage="0%" />
                  </conditions>
                </line>
                <line number="147" hits="0" branch="True" condition-coverage="0% (0/2)">
                  <conditions>
                    <condition number="10400" type="jump" coverage="0%" />
                  </conditions>
                </line>
                <line number="149" hits="0" branch="False" />
                <line number="156" hits="0" branch="True" condition-coverage="0% (0/28)">
                  <conditions>
                    <condition number="11880" type="jump" coverage="0%" />
                    <condition number="12414" type="jump" coverage="0%" />
                    <condition number="12606" type="jump" coverage="0%" />
                    <condition number="12698" type="jump" coverage="0%" />
                    <condition number="12791" type="jump" coverage="0%" />
                    <condition number="12884" type="jump" coverage="0%" />
                    <condition number="13122" type="jump" coverage="0%" />
                    <condition number="13214" type="jump" coverage="0%" />
                    <condition number="13286" type="jump" coverage="0%" />
                    <condition number="13358" type="jump" coverage="0%" />
                    <condition number="13478" type="jump" coverage="0%" />
                    <condition number="13570" type="jump" coverage="0%" />
                    <condition number="13642" type="jump" coverage="0%" />
                    <condition number="13714" type="jump" coverage="0%" />
                  </conditions>
                </line>
                <line number="157" hits="0" branch="True" condition-coverage="0% (0/2)">
                  <conditions>
                    <condition number="11674" type="jump" coverage="0%" />
                  </conditions>
                </line>
                <line number="159" hits="0" branch="False" />
              </lines>
            </method>
          </methods>
          <lines>
            <line number="17" hits="0" branch="True" condition-coverage="0% (0/6)">
              <conditions>
                <condition number="151" type="jump" coverage="0%" />
                <condition number="211" type="jump" coverage="0%" />
                <condition number="2120" type="jump" coverage="0%" />
              </conditions>
            </line>
            <line number="18" hits="0" branch="True" condition-coverage="0% (0/36)">
              <conditions>
                <condition number="442" type="jump" coverage="0%" />
                <condition number="510" type="jump" coverage="0%" />
                <condition number="604" type="jump" coverage="0%" />
                <condition number="691" type="jump" coverage="0%" />
                <condition number="809" type="jump" coverage="0%" />
                <condition number="961" type="jump" coverage="0%" />
                <condition number="1120" type="jump" coverage="0%" />
                <condition number="1212" type="jump" coverage="0%" />
                <condition number="1317" type="jump" coverage="0%" />
                <condition number="1409" type="jump" coverage="0%" />
                <condition number="1477" type="jump" coverage="0%" />
                <condition number="1555" type="jump" coverage="0%" />
                <condition number="1626" type="jump" coverage="0%" />
                <condition number="1720" type="jump" coverage="0%" />
                <condition number="1727" type="jump" coverage="0%" />
                <condition number="1814" type="jump" coverage="0%" />
                <condition number="1891" type="jump" coverage="0%" />
                <condition number="1983" type="jump" coverage="0%" />
              </conditions>
            </line>
            <line number="24" hits="0" branch="False" />
            <line number="28" hits="0" branch="True" condition-coverage="0% (0/4)">
              <conditions>
                <condition number="2189" type="jump" coverage="0%" />
                <condition number="2220" type="jump" coverage="0%" />
              </conditions>
            </line>
            <line number="29" hits="0" branch="False" />
            <line number="31" hits="0" branch="False" />
            <line number="33" hits="0" branch="False" />
            <line number="36" hits="0" branch="True" condition-coverage="0% (0/16)">
              <conditions>
                <condition number="2314" type="jump" coverage="0%" />
                <condition number="2382" type="jump" coverage="0%" />
                <condition number="2460" type="jump" coverage="0%" />
                <condition number="2555" type="jump" coverage="0%" />
                <condition number="2625" type="jump" coverage="0%" />
                <condition number="2635" type="jump" coverage="0%" />
                <condition number="2714" type="jump" coverage="0%" />
                <condition number="2812" type="jump" coverage="0%" />
              </conditions>
            </line>
            <line number="37" hits="0" branch="False" />
            <line number="39" hits="0" branch="False" />
            <line number="40" hits="0" branch="True" condition-coverage="0% (0/16)">
              <conditions>
                <condition number="2838" type="jump" coverage="0%" />
                <condition number="2906" type="jump" coverage="0%" />
                <condition number="2984" type="jump" coverage="0%" />
                <condition number="3079" type="jump" coverage="0%" />
                <condition number="3149" type="jump" coverage="0%" />
                <condition number="3159" type="jump" coverage="0%" />
                <condition number="3238" type="jump" coverage="0%" />
                <condition number="3338" type="jump" coverage="0%" />
              </conditions>
            </line>
            <line number="41" hits="0" branch="False" />
            <line number="43" hits="0" branch="False" />
            <line number="47" hits="0" branch="True" condition-coverage="0% (0/2)">
              <conditions>
                <condition number="7977" type="jump" coverage="0%" />
              </conditions>
            </line>
            <line number="48" hits="0" branch="True" condition-coverage="0% (0/36)">
              <conditions>
                <condition number="3605" type="jump" coverage="0%" />
                <condition number="3673" type="jump" coverage="0%" />
                <condition number="3760" type="jump" coverage="0%" />
                <condition number="3859" type="jump" coverage="0%" />
                <condition number="3927" type="jump" coverage="0%" />
                <condition number="4014" type="jump" coverage="0%" />
                <condition number="4130" type="jump" coverage="0%" />
                <condition number="4198" type="jump" coverage="0%" />
                <condition number="4285" type="jump" coverage="0%" />
                <condition number="4384" type="jump" coverage="0%" />
                <condition number="4452" type="jump" coverage="0%" />
                <condition number="4539" type="jump" coverage="0%" />
                <condition number="4700" type="jump" coverage="0%" />
                <condition number="4768" type="jump" coverage="0%" />
                <condition number="4855" type="jump" coverage="0%" />
                <condition number="4954" type="jump" coverage="0%" />
                <condition number="5022" type="jump" coverage="0%" />
                <condition number="5109" type="jump" coverage="0%" />
              </conditions>
            </line>
            <line number="60" hits="0" branch="True" condition-coverage="0% (0/6)">
              <conditions>
                <condition number="5183" type="jump" coverage="0%" />
                <condition number="5204" type="jump" coverage="0%" />
                <condition number="5263" type="jump" coverage="0%" />
              </conditions>
            </line>
            <line number="61" hits="0" branch="False" />
            <line number="63" hits="0" branch="False" />
            <line number="65" hits="0" branch="False" />
            <line number="66" hits="0" branch="True" condition-coverage="0% (0/4)">
              <conditions>
                <condition number="5329" type="jump" coverage="0%" />
                <condition number="5362" type="jump" coverage="0%" />
              </conditions>
            </line>
            <line number="67" hits="0" branch="False" />
            <line number="68" hits="0" branch="True" condition-coverage="0% (0/4)">
              <conditions>
                <condition number="5408" type="jump" coverage="0%" />
                <condition number="5490" type="jump" coverage="0%" />
              </conditions>
            </line>
            <line number="70" hits="0" branch="True" condition-coverage="0% (0/10)">
              <conditions>
                <condition number="5617" type="jump" coverage="0%" />
                <condition number="5629" type="jump" coverage="0%" />
                <condition number="5647" type="jump" coverage="0%" />
                <condition number="5689" type="jump" coverage="0%" />
                <condition number="7895" type="jump" coverage="0%" />
              </conditions>
            </line>
            <line number="71" hits="0" branch="False" />
            <line number="72" hits="0" branch="True" condition-coverage="0% (0/22)">
              <conditions>
                <condition number="5740" type="jump" coverage="0%" />
                <condition number="5822" type="jump" coverage="0%" />
                <condition number="6006" type="jump" coverage="0%" />
                <condition number="6074" type="jump" coverage="0%" />
                <condition number="6161" type="jump" coverage="0%" />
                <condition number="6260" type="jump" coverage="0%" />
                <condition number="6328" type="jump" coverage="0%" />
                <condition number="6415" type="jump" coverage="0%" />
                <condition number="6657" type="jump" coverage="0%" />
                <condition number="6749" type="jump" coverage="0%" />
                <condition number="6821" type="jump" coverage="0%" />
              </conditions>
            </line>
            <line number="96" hits="0" branch="True" condition-coverage="0% (0/8)">
              <conditions>
                <condition number="7284" type="jump" coverage="0%" />
                <condition number="7294" type="jump" coverage="0%" />
                <condition number="7362" type="jump" coverage="0%" />
                <condition number="7464" type="jump" coverage="0%" />
              </conditions>
            </line>
            <line number="97" hits="0" branch="False" />
            <line number="106" hits="0" branch="False" />
            <line number="109" hits="0" branch="False" />
            <line number="112" hits="0" branch="False" />
            <line number="115" hits="0" branch="True" condition-coverage="0% (0/2)">
              <conditions>
                <condition number="8359" type="jump" coverage="0%" />
              </conditions>
            </line>
            <line number="132" hits="0" branch="True" condition-coverage="0% (0/4)">
              <conditions>
                <condition number="9262" type="jump" coverage="0%" />
                <condition number="9626" type="jump" coverage="0%" />
              </conditions>
            </line>
            <line number="133" hits="0" branch="True" condition-coverage="0% (0/2)">
              <conditions>
                <condition number="9057" type="jump" coverage="0%" />
              </conditions>
            </line>
            <line number="135" hits="0" branch="False" />
            <line number="146" hits="0" branch="True" condition-coverage="0% (0/6)">
              <conditions>
                <condition number="9819" type="jump" coverage="0%" />
                <condition number="10605" type="jump" coverage="0%" />
                <condition number="10972" type="jump" coverage="0%" />
              </conditions>
            </line>
            <line number="147" hits="0" branch="True" condition-coverage="0% (0/2)">
              <conditions>
                <condition number="10400" type="jump" coverage="0%" />
              </conditions>
            </line>
            <line number="149" hits="0" branch="False" />
            <line number="156" hits="0" branch="True" condition-coverage="0% (0/28)">
              <conditions>
                <condition number="11880" type="jump" coverage="0%" />
                <condition number="12414" type="jump" coverage="0%" />
                <condition number="12606" type="jump" coverage="0%" />
                <condition number="12698" type="jump" coverage="0%" />
                <condition number="12791" type="jump" coverage="0%" />
                <condition number="12884" type="jump" coverage="0%" />
                <condition number="13122" type="jump" coverage="0%" />
                <condition number="13214" type="jump" coverage="0%" />
                <condition number="13286" type="jump" coverage="0%" />
                <condition number="13358" type="jump" coverage="0%" />
                <condition number="13478" type="jump" coverage="0%" />
                <condition number="13570" type="jump" coverage="0%" />
                <condition number="13642" type="jump" coverage="0%" />
                <condition number="13714" type="jump" coverage="0%" />
              </conditions>
            </line>
            <line number="157" hits="0" branch="True" condition-coverage="0% (0/2)">
              <conditions>
                <condition number="11674" type="jump" coverage="0%" />
              </conditions>
            </line>
            <line number="159" hits="0" branch="False" />
          </lines>
        </class>
        <class name="AspNetCoreGeneratedDocument.Views_ProjectManagement_Management" filename="Views\ProjectManagement\Management.cshtml" line-rate="0" branch-rate="1" complexity="1">
          <methods>
            <method name="&lt;ExecuteAsync&gt;b__18_13" signature="(TicketSystemWeb.Models.ProjectManagement.Group.Group)" line-rate="0" branch-rate="1" complexity="1">
              <lines>
                <line number="146" hits="0" branch="False" />
              </lines>
            </method>
          </methods>
          <lines>
            <line number="146" hits="0" branch="False" />
          </lines>
        </class>
        <class name="AspNetCoreGeneratedDocument.Views_ProjectManagement_Management/&lt;&lt;ExecuteAsync&gt;b__18_0&gt;d" filename="Views\ProjectManagement\Management.cshtml" line-rate="0" branch-rate="0" complexity="14">
          <methods>
            <method name="MoveNext" signature="()" line-rate="0" branch-rate="0" complexity="14">
              <lines>
                <line number="112" hits="0" branch="True" condition-coverage="0% (0/4)">
                  <conditions>
                    <condition number="392" type="jump" coverage="0%" />
                    <condition number="1287" type="jump" coverage="0%" />
                  </conditions>
                </line>
                <line number="113" hits="0" branch="True" condition-coverage="0% (0/2)">
                  <conditions>
                    <condition number="1083" type="jump" coverage="0%" />
                  </conditions>
                </line>
                <line number="115" hits="0" branch="False" />
                <line number="125" hits="0" branch="True" condition-coverage="0% (0/2)">
                  <conditions>
                    <condition number="2061" type="jump" coverage="0%" />
                  </conditions>
                </line>
                <line number="126" hits="0" branch="True" condition-coverage="0% (0/2)">
                  <conditions>
                    <condition number="1857" type="jump" coverage="0%" />
                  </conditions>
                </line>
                <line number="128" hits="0" branch="False" />
                <line number="147" hits="0" branch="True" condition-coverage="0% (0/2)">
                  <conditions>
                    <condition number="2670" type="jump" coverage="0%" />
                  </conditions>
                </line>
                <line number="149" hits="0" branch="False" />
              </lines>
            </method>
          </methods>
          <lines>
            <line number="112" hits="0" branch="True" condition-coverage="0% (0/4)">
              <conditions>
                <condition number="392" type="jump" coverage="0%" />
                <condition number="1287" type="jump" coverage="0%" />
              </conditions>
            </line>
            <line number="113" hits="0" branch="True" condition-coverage="0% (0/2)">
              <conditions>
                <condition number="1083" type="jump" coverage="0%" />
              </conditions>
            </line>
            <line number="115" hits="0" branch="False" />
            <line number="125" hits="0" branch="True" condition-coverage="0% (0/2)">
              <conditions>
                <condition number="2061" type="jump" coverage="0%" />
              </conditions>
            </line>
            <line number="126" hits="0" branch="True" condition-coverage="0% (0/2)">
              <conditions>
                <condition number="1857" type="jump" coverage="0%" />
              </conditions>
            </line>
            <line number="128" hits="0" branch="False" />
            <line number="147" hits="0" branch="True" condition-coverage="0% (0/2)">
              <conditions>
                <condition number="2670" type="jump" coverage="0%" />
              </conditions>
            </line>
            <line number="149" hits="0" branch="False" />
          </lines>
        </class>
        <class name="AspNetCoreGeneratedDocument.Views_ProjectManagement_Management/&lt;&lt;ExecuteAsync&gt;b__18_1&gt;d" filename="Views\ProjectManagement\Management.cshtml" line-rate="0" branch-rate="0" complexity="6">
          <methods>
            <method name="MoveNext" signature="()" line-rate="0" branch-rate="0" complexity="6">
              <lines>
                <line number="185" hits="0" branch="True" condition-coverage="0% (0/4)">
                  <conditions>
                    <condition number="366" type="jump" coverage="0%" />
                    <condition number="1261" type="jump" coverage="0%" />
                  </conditions>
                </line>
                <line number="186" hits="0" branch="True" condition-coverage="0% (0/2)">
                  <conditions>
                    <condition number="1057" type="jump" coverage="0%" />
                  </conditions>
                </line>
                <line number="188" hits="0" branch="False" />
              </lines>
            </method>
          </methods>
          <lines>
            <line number="185" hits="0" branch="True" condition-coverage="0% (0/4)">
              <conditions>
                <condition number="366" type="jump" coverage="0%" />
                <condition number="1261" type="jump" coverage="0%" />
              </conditions>
            </line>
            <line number="186" hits="0" branch="True" condition-coverage="0% (0/2)">
              <conditions>
                <condition number="1057" type="jump" coverage="0%" />
              </conditions>
            </line>
            <line number="188" hits="0" branch="False" />
          </lines>
        </class>
        <class name="AspNetCoreGeneratedDocument.Views_ProjectManagement_Management/&lt;&lt;ExecuteAsync&gt;b__18_3&gt;d" filename="Views\ProjectManagement\Management.cshtml" line-rate="0" branch-rate="0" complexity="10">
          <methods>
            <method name="MoveNext" signature="()" line-rate="0" branch-rate="0" complexity="10">
              <lines>
                <line number="310" hits="0" branch="True" condition-coverage="0% (0/4)">
                  <conditions>
                    <condition number="379" type="jump" coverage="0%" />
                    <condition number="1274" type="jump" coverage="0%" />
                  </conditions>
                </line>
                <line number="311" hits="0" branch="True" condition-coverage="0% (0/2)">
                  <conditions>
                    <condition number="1070" type="jump" coverage="0%" />
                  </conditions>
                </line>
                <line number="313" hits="0" branch="False" />
                <line number="323" hits="0" branch="True" condition-coverage="0% (0/2)">
                  <conditions>
                    <condition number="2043" type="jump" coverage="0%" />
                  </conditions>
                </line>
                <line number="324" hits="0" branch="True" condition-coverage="0% (0/2)">
                  <conditions>
                    <condition number="1839" type="jump" coverage="0%" />
                  </conditions>
                </line>
                <line number="326" hits="0" branch="False" />
              </lines>
            </method>
          </methods>
          <lines>
            <line number="310" hits="0" branch="True" condition-coverage="0% (0/4)">
              <conditions>
                <condition number="379" type="jump" coverage="0%" />
                <condition number="1274" type="jump" coverage="0%" />
              </conditions>
            </line>
            <line number="311" hits="0" branch="True" condition-coverage="0% (0/2)">
              <conditions>
                <condition number="1070" type="jump" coverage="0%" />
              </conditions>
            </line>
            <line number="313" hits="0" branch="False" />
            <line number="323" hits="0" branch="True" condition-coverage="0% (0/2)">
              <conditions>
                <condition number="2043" type="jump" coverage="0%" />
              </conditions>
            </line>
            <line number="324" hits="0" branch="True" condition-coverage="0% (0/2)">
              <conditions>
                <condition number="1839" type="jump" coverage="0%" />
              </conditions>
            </line>
            <line number="326" hits="0" branch="False" />
          </lines>
        </class>
        <class name="AspNetCoreGeneratedDocument.Views_ProjectManagement_Management/&lt;&lt;ExecuteAsync&gt;b__18_4&gt;d" filename="Views\ProjectManagement\Management.cshtml" line-rate="0" branch-rate="0" complexity="6">
          <methods>
            <method name="MoveNext" signature="()" line-rate="0" branch-rate="0" complexity="6">
              <lines>
                <line number="376" hits="0" branch="True" condition-coverage="0% (0/4)">
                  <conditions>
                    <condition number="366" type="jump" coverage="0%" />
                    <condition number="1261" type="jump" coverage="0%" />
                  </conditions>
                </line>
                <line number="377" hits="0" branch="True" condition-coverage="0% (0/2)">
                  <conditions>
                    <condition number="1057" type="jump" coverage="0%" />
                  </conditions>
                </line>
                <line number="379" hits="0" branch="False" />
              </lines>
            </method>
          </methods>
          <lines>
            <line number="376" hits="0" branch="True" condition-coverage="0% (0/4)">
              <conditions>
                <condition number="366" type="jump" coverage="0%" />
                <condition number="1261" type="jump" coverage="0%" />
              </conditions>
            </line>
            <line number="377" hits="0" branch="True" condition-coverage="0% (0/2)">
              <conditions>
                <condition number="1057" type="jump" coverage="0%" />
              </conditions>
            </line>
            <line number="379" hits="0" branch="False" />
          </lines>
        </class>
        <class name="AspNetCoreGeneratedDocument.Views_ProjectManagement_Management/&lt;&gt;c" filename="Views\ProjectManagement\Management.cshtml" line-rate="0" branch-rate="1" complexity="4">
          <methods>
            <method name="&lt;ExecuteAsync&gt;b__18_7" signature="(TicketSystemWeb.Models.ProjectManagement.Project.ProjectGroup)" line-rate="0" branch-rate="1" complexity="1">
              <lines>
                <line number="62" hits="0" branch="False" />
              </lines>
            </method>
            <method name="&lt;ExecuteAsync&gt;b__18_8" signature="(TicketSystemWeb.Models.ProjectManagement.Project.ProjectGroup)" line-rate="0" branch-rate="1" complexity="1">
              <lines>
                <line number="64" hits="0" branch="False" />
              </lines>
            </method>
            <method name="&lt;ExecuteAsync&gt;b__18_6" signature="(TicketSystemWeb.Models.ProjectManagement.Project.ProjectGroup)" line-rate="0" branch-rate="1" complexity="1">
              <lines>
                <line number="78" hits="0" branch="False" />
              </lines>
            </method>
            <method name="&lt;ExecuteAsync&gt;b__18_17" signature="(TicketSystemWeb.Models.Employee.EmployeeGroup)" line-rate="0" branch-rate="1" complexity="1">
              <lines>
                <line number="281" hits="0" branch="False" />
              </lines>
            </method>
          </methods>
          <lines>
            <line number="62" hits="0" branch="False" />
            <line number="64" hits="0" branch="False" />
            <line number="78" hits="0" branch="False" />
            <line number="281" hits="0" branch="False" />
          </lines>
        </class>
        <class name="AspNetCoreGeneratedDocument.Views_ProjectManagement_Management/&lt;ExecuteAsync&gt;d__18" filename="Views\ProjectManagement\Management.cshtml" line-rate="0" branch-rate="0" complexity="48">
          <methods>
            <method name="MoveNext" signature="()" line-rate="0" branch-rate="0" complexity="48">
              <lines>
                <line number="4" hits="0" branch="False" />
                <line number="9" hits="0" branch="True" condition-coverage="0% (0/2)">
                  <conditions>
                    <condition number="208" type="jump" coverage="0%" />
                  </conditions>
                </line>
                <line number="10" hits="0" branch="False" />
                <line number="21" hits="0" branch="True" condition-coverage="0% (0/2)">
                  <conditions>
                    <condition number="932" type="jump" coverage="0%" />
                  </conditions>
                </line>
                <line number="22" hits="0" branch="False" />
                <line number="35" hits="0" branch="False" />
                <line number="38" hits="0" branch="False" />
                <line number="55" hits="0" branch="True" condition-coverage="0% (0/8)">
                  <conditions>
                    <condition number="2543" type="jump" coverage="0%" />
                    <condition number="2928" type="jump" coverage="0%" />
                    <condition number="3580" type="jump" coverage="0%" />
                    <condition number="4232" type="jump" coverage="0%" />
                  </conditions>
                </line>
                <line number="56" hits="0" branch="True" condition-coverage="0% (0/2)">
                  <conditions>
                    <condition number="1174" type="jump" coverage="0%" />
                  </conditions>
                </line>
                <line number="63" hits="0" branch="False" />
                <line number="65" hits="0" branch="False" />
                <line number="67" hits="0" branch="False" />
                <line number="68" hits="0" branch="False" />
                <line number="70" hits="0" branch="False" />
                <line number="72" hits="0" branch="False" />
                <line number="75" hits="0" branch="True" condition-coverage="0% (0/6)">
                  <conditions>
                    <condition number="1580" type="jump" coverage="0%" />
                    <condition number="1615" type="jump" coverage="0%" />
                    <condition number="1636" type="jump" coverage="0%" />
                  </conditions>
                </line>
                <line number="76" hits="0" branch="False" />
                <line number="82" hits="0" branch="False" />
                <line number="85" hits="0" branch="False" />
                <line number="247" hits="0" branch="True" condition-coverage="0% (0/2)">
                  <conditions>
                    <condition number="4438" type="jump" coverage="0%" />
                  </conditions>
                </line>
                <line number="248" hits="0" branch="False" />
                <line number="255" hits="0" branch="False" />
                <line number="272" hits="0" branch="True" condition-coverage="0% (0/8)">
                  <conditions>
                    <condition number="5572" type="jump" coverage="0%" />
                    <condition number="5957" type="jump" coverage="0%" />
                    <condition number="6609" type="jump" coverage="0%" />
                    <condition number="7263" type="jump" coverage="0%" />
                  </conditions>
                </line>
                <line number="273" hits="0" branch="True" condition-coverage="0% (0/2)">
                  <conditions>
                    <condition number="4601" type="jump" coverage="0%" />
                  </conditions>
                </line>
                <line number="278" hits="0" branch="True" condition-coverage="0% (0/6)">
                  <conditions>
                    <condition number="4670" type="jump" coverage="0%" />
                    <condition number="4705" type="jump" coverage="0%" />
                    <condition number="4728" type="jump" coverage="0%" />
                  </conditions>
                </line>
                <line number="279" hits="0" branch="True" condition-coverage="0% (0/2)">
                  <conditions>
                    <condition number="5097" type="jump" coverage="0%" />
                  </conditions>
                </line>
                <line number="285" hits="0" branch="False" />
                <line number="288" hits="0" branch="False" />
                <line number="441" hits="0" branch="True" condition-coverage="0% (0/2)">
                  <conditions>
                    <condition number="7470" type="jump" coverage="0%" />
                  </conditions>
                </line>
                <line number="442" hits="0" branch="False" />
                <line number="449" hits="0" branch="False" />
              </lines>
            </method>
          </methods>
          <lines>
            <line number="4" hits="0" branch="False" />
            <line number="9" hits="0" branch="True" condition-coverage="0% (0/2)">
              <conditions>
                <condition number="208" type="jump" coverage="0%" />
              </conditions>
            </line>
            <line number="10" hits="0" branch="False" />
            <line number="21" hits="0" branch="True" condition-coverage="0% (0/2)">
              <conditions>
                <condition number="932" type="jump" coverage="0%" />
              </conditions>
            </line>
            <line number="22" hits="0" branch="False" />
            <line number="35" hits="0" branch="False" />
            <line number="38" hits="0" branch="False" />
            <line number="55" hits="0" branch="True" condition-coverage="0% (0/8)">
              <conditions>
                <condition number="2543" type="jump" coverage="0%" />
                <condition number="2928" type="jump" coverage="0%" />
                <condition number="3580" type="jump" coverage="0%" />
                <condition number="4232" type="jump" coverage="0%" />
              </conditions>
            </line>
            <line number="56" hits="0" branch="True" condition-coverage="0% (0/2)">
              <conditions>
                <condition number="1174" type="jump" coverage="0%" />
              </conditions>
            </line>
            <line number="63" hits="0" branch="False" />
            <line number="65" hits="0" branch="False" />
            <line number="67" hits="0" branch="False" />
            <line number="68" hits="0" branch="False" />
            <line number="70" hits="0" branch="False" />
            <line number="72" hits="0" branch="False" />
            <line number="75" hits="0" branch="True" condition-coverage="0% (0/6)">
              <conditions>
                <condition number="1580" type="jump" coverage="0%" />
                <condition number="1615" type="jump" coverage="0%" />
                <condition number="1636" type="jump" coverage="0%" />
              </conditions>
            </line>
            <line number="76" hits="0" branch="False" />
            <line number="82" hits="0" branch="False" />
            <line number="85" hits="0" branch="False" />
            <line number="247" hits="0" branch="True" condition-coverage="0% (0/2)">
              <conditions>
                <condition number="4438" type="jump" coverage="0%" />
              </conditions>
            </line>
            <line number="248" hits="0" branch="False" />
            <line number="255" hits="0" branch="False" />
            <line number="272" hits="0" branch="True" condition-coverage="0% (0/8)">
              <conditions>
                <condition number="5572" type="jump" coverage="0%" />
                <condition number="5957" type="jump" coverage="0%" />
                <condition number="6609" type="jump" coverage="0%" />
                <condition number="7263" type="jump" coverage="0%" />
              </conditions>
            </line>
            <line number="273" hits="0" branch="True" condition-coverage="0% (0/2)">
              <conditions>
                <condition number="4601" type="jump" coverage="0%" />
              </conditions>
            </line>
            <line number="278" hits="0" branch="True" condition-coverage="0% (0/6)">
              <conditions>
                <condition number="4670" type="jump" coverage="0%" />
                <condition number="4705" type="jump" coverage="0%" />
                <condition number="4728" type="jump" coverage="0%" />
              </conditions>
            </line>
            <line number="279" hits="0" branch="True" condition-coverage="0% (0/2)">
              <conditions>
                <condition number="5097" type="jump" coverage="0%" />
              </conditions>
            </line>
            <line number="285" hits="0" branch="False" />
            <line number="288" hits="0" branch="False" />
            <line number="441" hits="0" branch="True" condition-coverage="0% (0/2)">
              <conditions>
                <condition number="7470" type="jump" coverage="0%" />
              </conditions>
            </line>
            <line number="442" hits="0" branch="False" />
            <line number="449" hits="0" branch="False" />
          </lines>
        </class>
        <class name="AspNetCoreGeneratedDocument.Views__ViewStart/&lt;ExecuteAsync&gt;d__0" filename="Views\_ViewStart.cshtml" line-rate="0" branch-rate="1" complexity="1">
          <methods>
            <method name="MoveNext" signature="()" line-rate="0" branch-rate="1" complexity="1">
              <lines>
                <line number="2" hits="0" branch="False" />
              </lines>
            </method>
          </methods>
          <lines>
            <line number="2" hits="0" branch="False" />
          </lines>
        </class>
        <class name="AspNetCoreGeneratedDocument.Views_Shared__Layout/&lt;ExecuteAsync&gt;d__33" filename="Views\Shared\_Layout.cshtml" line-rate="0" branch-rate="0" complexity="10">
          <methods>
            <method name="MoveNext" signature="()" line-rate="0" branch-rate="0" complexity="10">
              <lines>
                <line number="9" hits="0" branch="False" />
                <line number="10" hits="0" branch="True" condition-coverage="0% (0/2)">
                  <conditions>
                    <condition number="317" type="jump" coverage="0%" />
                  </conditions>
                </line>
                <line number="11" hits="0" branch="True" condition-coverage="0% (0/2)">
                  <conditions>
                    <condition number="511" type="jump" coverage="0%" />
                  </conditions>
                </line>
                <line number="12" hits="0" branch="True" condition-coverage="0% (0/2)">
                  <conditions>
                    <condition number="833" type="jump" coverage="0%" />
                  </conditions>
                </line>
                <line number="14" hits="0" branch="True" condition-coverage="0% (0/4)">
                  <conditions>
                    <condition number="1434" type="jump" coverage="0%" />
                    <condition number="1872" type="jump" coverage="0%" />
                  </conditions>
                </line>
              </lines>
            </method>
          </methods>
          <lines>
            <line number="9" hits="0" branch="False" />
            <line number="10" hits="0" branch="True" condition-coverage="0% (0/2)">
              <conditions>
                <condition number="317" type="jump" coverage="0%" />
              </conditions>
            </line>
            <line number="11" hits="0" branch="True" condition-coverage="0% (0/2)">
              <conditions>
                <condition number="511" type="jump" coverage="0%" />
              </conditions>
            </line>
            <line number="12" hits="0" branch="True" condition-coverage="0% (0/2)">
              <conditions>
                <condition number="833" type="jump" coverage="0%" />
              </conditions>
            </line>
            <line number="14" hits="0" branch="True" condition-coverage="0% (0/4)">
              <conditions>
                <condition number="1434" type="jump" coverage="0%" />
                <condition number="1872" type="jump" coverage="0%" />
              </conditions>
            </line>
          </lines>
        </class>
        <class name="TicketSystemWeb.Models.LoginViewModel" filename="Models\LoginViewModel.cs" line-rate="1" branch-rate="1" complexity="2">
          <methods>
            <method name="get_Username" signature="()" line-rate="1" branch-rate="1" complexity="1">
              <lines>
                <line number="18" hits="17" branch="False" />
              </lines>
            </method>
            <method name="get_Password" signature="()" line-rate="1" branch-rate="1" complexity="1">
              <lines>
                <line number="29" hits="17" branch="False" />
              </lines>
            </method>
          </methods>
          <lines>
            <line number="18" hits="17" branch="False" />
            <line number="29" hits="17" branch="False" />
          </lines>
        </class>
        <class name="TicketSystemWeb.Models.ProjectManagement.Project.Project" filename="Models\Management\Project\Project.cs" line-rate="1" branch-rate="1" complexity="8">
          <methods>
            <method name="get_Id" signature="()" line-rate="1" branch-rate="1" complexity="1">
              <lines>
                <line number="14" hits="44" branch="False" />
              </lines>
            </method>
            <method name="get_Title" signature="()" line-rate="1" branch-rate="1" complexity="1">
              <lines>
                <line number="22" hits="69" branch="False" />
              </lines>
            </method>
            <method name="get_Description" signature="()" line-rate="1" branch-rate="1" complexity="1">
              <lines>
                <line number="30" hits="43" branch="False" />
              </lines>
            </method>
            <method name="get_ProjectGroups" signature="()" line-rate="1" branch-rate="1" complexity="1">
              <lines>
                <line number="38" hits="40" branch="False" />
              </lines>
            </method>
            <method name="get_ProjectManagerId" signature="()" line-rate="1" branch-rate="1" complexity="1">
              <lines>
                <line number="46" hits="33" branch="False" />
              </lines>
            </method>
            <method name="get_ProjectManager" signature="()" line-rate="1" branch-rate="1" complexity="1">
              <lines>
                <line number="54" hits="7" branch="False" />
              </lines>
            </method>
            <method name="get_KanbanBoard" signature="()" line-rate="1" branch-rate="1" complexity="1">
              <lines>
                <line number="62" hits="23" branch="False" />
              </lines>
            </method>
            <method name="get_Tickets" signature="()" line-rate="1" branch-rate="1" complexity="1">
              <lines>
                <line number="70" hits="31" branch="False" />
              </lines>
            </method>
          </methods>
          <lines>
            <line number="14" hits="44" branch="False" />
            <line number="22" hits="69" branch="False" />
            <line number="30" hits="43" branch="False" />
            <line number="38" hits="40" branch="False" />
            <line number="46" hits="33" branch="False" />
            <line number="54" hits="7" branch="False" />
            <line number="62" hits="23" branch="False" />
            <line number="70" hits="31" branch="False" />
          </lines>
        </class>
        <class name="TicketSystemWeb.Models.ProjectManagement.Project.ProjectGroup" filename="Models\Management\Project\ProjectGroup.cs" line-rate="1" branch-rate="1" complexity="5">
          <methods>
            <method name="get_ProjectId" signature="()" line-rate="1" branch-rate="1" complexity="1">
              <lines>
                <line number="14" hits="12" branch="False" />
              </lines>
            </method>
            <method name="get_Project" signature="()" line-rate="1" branch-rate="1" complexity="1">
              <lines>
                <line number="21" hits="17" branch="False" />
              </lines>
            </method>
            <method name="get_GroupId" signature="()" line-rate="1" branch-rate="1" complexity="1">
              <lines>
                <line number="29" hits="16" branch="False" />
              </lines>
            </method>
            <method name="get_Group" signature="()" line-rate="1" branch-rate="1" complexity="1">
              <lines>
                <line number="36" hits="21" branch="False" />
              </lines>
            </method>
            <method name="get_IsApproved" signature="()" line-rate="1" branch-rate="1" complexity="1">
              <lines>
                <line number="38" hits="20" branch="False" />
              </lines>
            </method>
          </methods>
          <lines>
            <line number="14" hits="12" branch="False" />
            <line number="21" hits="17" branch="False" />
            <line number="29" hits="16" branch="False" />
            <line number="36" hits="21" branch="False" />
            <line number="38" hits="20" branch="False" />
          </lines>
        </class>
        <class name="TicketSystemWeb.Models.ProjectManagement.Group.Group" filename="Models\Management\Group\Group.cs" line-rate="1" branch-rate="1" complexity="6">
          <methods>
            <method name="get_Id" signature="()" line-rate="1" branch-rate="1" complexity="1">
              <lines>
                <line number="16" hits="26" branch="False" />
              </lines>
            </method>
            <method name="get_Name" signature="()" line-rate="1" branch-rate="1" complexity="1">
              <lines>
                <line number="23" hits="55" branch="False" />
              </lines>
            </method>
            <method name="get_EmployeeGroups" signature="()" line-rate="1" branch-rate="1" complexity="1">
              <lines>
                <line number="30" hits="32" branch="False" />
              </lines>
            </method>
            <method name="get_ManagerId" signature="()" line-rate="1" branch-rate="1" complexity="1">
              <lines>
                <line number="37" hits="55" branch="False" />
              </lines>
            </method>
            <method name="get_Manager" signature="()" line-rate="1" branch-rate="1" complexity="1">
              <lines>
                <line number="44" hits="9" branch="False" />
              </lines>
            </method>
            <method name="get_ProjectGroups" signature="()" line-rate="1" branch-rate="1" complexity="1">
              <lines>
                <line number="51" hits="29" branch="False" />
              </lines>
            </method>
          </methods>
          <lines>
            <line number="16" hits="26" branch="False" />
            <line number="23" hits="55" branch="False" />
            <line number="30" hits="32" branch="False" />
            <line number="37" hits="55" branch="False" />
            <line number="44" hits="9" branch="False" />
            <line number="51" hits="29" branch="False" />
          </lines>
        </class>
        <class name="TicketSystemWeb.Models.KanbanBoard.KanbanBoard" filename="Models\KanbanBoard\KanbanBoard.cs" line-rate="1" branch-rate="1" complexity="5">
          <methods>
            <method name="get_Id" signature="()" line-rate="1" branch-rate="1" complexity="1">
              <lines>
                <line number="16" hits="34" branch="False" />
              </lines>
            </method>
            <method name="get_ProjectName" signature="()" line-rate="1" branch-rate="1" complexity="1">
              <lines>
                <line number="24" hits="16" branch="False" />
              </lines>
            </method>
            <method name="get_ProjectId" signature="()" line-rate="1" branch-rate="1" complexity="1">
              <lines>
                <line number="32" hits="4" branch="False" />
              </lines>
            </method>
            <method name="get_Project" signature="()" line-rate="1" branch-rate="1" complexity="1">
              <lines>
                <line number="40" hits="1" branch="False" />
              </lines>
            </method>
            <method name="get_Columns" signature="()" line-rate="1" branch-rate="1" complexity="1">
              <lines>
                <line number="48" hits="40" branch="False" />
              </lines>
            </method>
          </methods>
          <lines>
            <line number="16" hits="34" branch="False" />
            <line number="24" hits="16" branch="False" />
            <line number="32" hits="4" branch="False" />
            <line number="40" hits="1" branch="False" />
            <line number="48" hits="40" branch="False" />
          </lines>
        </class>
        <class name="TicketSystemWeb.Models.KanbanBoard.KanbanColumn" filename="Models\KanbanBoard\KanbanColumn.cs" line-rate="1" branch-rate="1" complexity="6">
          <methods>
            <method name="get_Id" signature="()" line-rate="1" branch-rate="1" complexity="1">
              <lines>
                <line number="16" hits="28" branch="False" />
              </lines>
            </method>
            <method name="get_Name" signature="()" line-rate="1" branch-rate="1" complexity="1">
              <lines>
                <line number="24" hits="37" branch="False" />
              </lines>
            </method>
            <method name="get_Order" signature="()" line-rate="1" branch-rate="1" complexity="1">
              <lines>
                <line number="32" hits="38" branch="False" />
              </lines>
            </method>
            <method name="get_KanbanBoardId" signature="()" line-rate="1" branch-rate="1" complexity="1">
              <lines>
                <line number="40" hits="21" branch="False" />
              </lines>
            </method>
            <method name="get_KanbanBoard" signature="()" line-rate="1" branch-rate="1" complexity="1">
              <lines>
                <line number="48" hits="10" branch="False" />
              </lines>
            </method>
            <method name="get_GroupAccess" signature="()" line-rate="1" branch-rate="1" complexity="1">
              <lines>
                <line number="56" hits="2" branch="False" />
              </lines>
            </method>
          </methods>
          <lines>
            <line number="16" hits="28" branch="False" />
            <line number="24" hits="37" branch="False" />
            <line number="32" hits="38" branch="False" />
            <line number="40" hits="21" branch="False" />
            <line number="48" hits="10" branch="False" />
            <line number="56" hits="2" branch="False" />
          </lines>
        </class>
        <class name="TicketSystemWeb.Models.KanbanBoard.ColumnGroupAccess" filename="Models\KanbanBoard\KanbanColumn.cs" line-rate="0" branch-rate="1" complexity="5">
          <methods>
            <method name="get_Id" signature="()" line-rate="0" branch-rate="1" complexity="1">
              <lines>
                <line number="67" hits="0" branch="False" />
              </lines>
            </method>
            <method name="get_KanbanColumnId" signature="()" line-rate="0" branch-rate="1" complexity="1">
              <lines>
                <line number="75" hits="0" branch="False" />
              </lines>
            </method>
            <method name="get_KanbanColumn" signature="()" line-rate="0" branch-rate="1" complexity="1">
              <lines>
                <line number="83" hits="0" branch="False" />
              </lines>
            </method>
            <method name="get_GroupId" signature="()" line-rate="0" branch-rate="1" complexity="1">
              <lines>
                <line number="91" hits="0" branch="False" />
              </lines>
            </method>
            <method name="get_Group" signature="()" line-rate="0" branch-rate="1" complexity="1">
              <lines>
                <line number="99" hits="0" branch="False" />
              </lines>
            </method>
          </methods>
          <lines>
            <line number="67" hits="0" branch="False" />
            <line number="75" hits="0" branch="False" />
            <line number="83" hits="0" branch="False" />
            <line number="91" hits="0" branch="False" />
            <line number="99" hits="0" branch="False" />
          </lines>
        </class>
        <class name="TicketSystemWeb.Models.KanbanBoard.Ticket" filename="Models\KanbanBoard\Ticket.cs" line-rate="1" branch-rate="1" complexity="13">
          <methods>
            <method name="get_TicketId" signature="()" line-rate="1" branch-rate="1" complexity="1">
              <lines>
                <line number="19" hits="24" branch="False" />
              </lines>
            </method>
            <method name="get_Title" signature="()" line-rate="1" branch-rate="1" complexity="1">
              <lines>
                <line number="29" hits="33" branch="False" />
              </lines>
            </method>
            <method name="get_Description" signature="()" line-rate="1" branch-rate="1" complexity="1">
              <lines>
                <line number="39" hits="31" branch="False" />
              </lines>
            </method>
            <method name="get_Status" signature="()" line-rate="1" branch-rate="1" complexity="1">
              <lines>
                <line number="48" hits="24" branch="False" />
              </lines>
            </method>
            <method name="get_CreatedAt" signature="()" line-rate="1" branch-rate="1" complexity="1">
              <lines>
                <line number="57" hits="28" branch="False" />
              </lines>
            </method>
            <method name="get_ClosedAt" signature="()" line-rate="1" branch-rate="1" complexity="1">
              <lines>
                <line number="65" hits="3" branch="False" />
              </lines>
            </method>
            <method name="get_CreatedBy" signature="()" line-rate="1" branch-rate="1" complexity="1">
              <lines>
                <line number="74" hits="15" branch="False" />
              </lines>
            </method>
            <method name="get_ProjectId" signature="()" line-rate="1" branch-rate="1" complexity="1">
              <lines>
                <line number="82" hits="17" branch="False" />
              </lines>
            </method>
            <method name="get_Project" signature="()" line-rate="1" branch-rate="1" complexity="1">
              <lines>
                <line number="90" hits="7" branch="False" />
              </lines>
            </method>
            <method name="get_History" signature="()" line-rate="1" branch-rate="1" complexity="1">
              <lines>
                <line number="98" hits="30" branch="False" />
              </lines>
            </method>
            <method name="get_Comments" signature="()" line-rate="1" branch-rate="1" complexity="1">
              <lines>
                <line number="106" hits="28" branch="False" />
              </lines>
            </method>
            <method name="get_AssignedToId" signature="()" line-rate="1" branch-rate="1" complexity="1">
              <lines>
                <line number="114" hits="14" branch="False" />
              </lines>
            </method>
            <method name="get_AssignedTo" signature="()" line-rate="1" branch-rate="1" complexity="1">
              <lines>
                <line number="122" hits="2" branch="False" />
              </lines>
            </method>
          </methods>
          <lines>
            <line number="19" hits="24" branch="False" />
            <line number="29" hits="33" branch="False" />
            <line number="39" hits="31" branch="False" />
[...]
                <line number="387" hits="1" branch="False" />
                <line number="388" hits="1" branch="False" />
              </lines>
            </method>
          </methods>
          <lines>
            <line number="383" hits="1" branch="False" />
            <line number="384" hits="1" branch="False" />
            <line number="385" hits="1" branch="False" />
            <line number="386" hits="1" branch="False" />
            <line number="387" hits="1" branch="False" />
            <line number="388" hits="1" branch="False" />
          </lines>
        </class>
        <class name="TicketSystemWeb.Controllers.ProjectManagementController/&lt;GetGroups&gt;d__11" filename="Controllers\ProjectManagementController.cs" line-rate="1" branch-rate="1" complexity="1">
          <methods>
            <method name="MoveNext" signature="()" line-rate="1" branch-rate="1" complexity="1">
              <lines>
                <line number="370" hits="1" branch="False" />
                <line number="371" hits="1" branch="False" />
                <line number="372" hits="1" branch="False" />
                <line number="373" hits="1" branch="False" />
                <line number="374" hits="1" branch="False" />
                <line number="375" hits="1" branch="False" />
              </lines>
            </method>
          </methods>
          <lines>
            <line number="370" hits="1" branch="False" />
            <line number="371" hits="1" branch="False" />
            <line number="372" hits="1" branch="False" />
            <line number="373" hits="1" branch="False" />
            <line number="374" hits="1" branch="False" />
            <line number="375" hits="1" branch="False" />
          </lines>
        </class>
        <class name="TicketSystemWeb.Controllers.ProjectManagementController/&lt;Management&gt;d__3" filename="Controllers\ProjectManagementController.cs" line-rate="1" branch-rate="1" complexity="1">
          <methods>
            <method name="MoveNext" signature="()" line-rate="1" branch-rate="1" complexity="1">
              <lines>
                <line number="41" hits="1" branch="False" />
                <line number="42" hits="1" branch="False" />
                <line number="43" hits="1" branch="False" />
                <line number="44" hits="1" branch="False" />
                <line number="45" hits="1" branch="False" />
                <line number="46" hits="1" branch="False" />
                <line number="47" hits="1" branch="False" />
                <line number="48" hits="1" branch="False" />
                <line number="49" hits="1" branch="False" />
                <line number="50" hits="1" branch="False" />
                <line number="51" hits="1" branch="False" />
                <line number="52" hits="1" branch="False" />
                <line number="53" hits="1" branch="False" />
                <line number="54" hits="1" branch="False" />
                <line number="55" hits="1" branch="False" />
                <line number="56" hits="1" branch="False" />
                <line number="57" hits="1" branch="False" />
                <line number="58" hits="1" branch="False" />
                <line number="59" hits="1" branch="False" />
                <line number="60" hits="1" branch="False" />
                <line number="61" hits="1" branch="False" />
                <line number="62" hits="1" branch="False" />
                <line number="63" hits="1" branch="False" />
                <line number="64" hits="1" branch="False" />
                <line number="65" hits="1" branch="False" />
                <line number="66" hits="1" branch="False" />
                <line number="67" hits="1" branch="False" />
                <line number="68" hits="1" branch="False" />
                <line number="69" hits="1" branch="False" />
                <line number="70" hits="1" branch="False" />
                <line number="71" hits="1" branch="False" />
                <line number="72" hits="1" branch="False" />
                <line number="73" hits="1" branch="False" />
                <line number="74" hits="1" branch="False" />
              </lines>
            </method>
          </methods>
          <lines>
            <line number="41" hits="1" branch="False" />
            <line number="42" hits="1" branch="False" />
            <line number="43" hits="1" branch="False" />
            <line number="44" hits="1" branch="False" />
            <line number="45" hits="1" branch="False" />
            <line number="46" hits="1" branch="False" />
            <line number="47" hits="1" branch="False" />
            <line number="48" hits="1" branch="False" />
            <line number="49" hits="1" branch="False" />
            <line number="50" hits="1" branch="False" />
            <line number="51" hits="1" branch="False" />
            <line number="52" hits="1" branch="False" />
            <line number="53" hits="1" branch="False" />
            <line number="54" hits="1" branch="False" />
            <line number="55" hits="1" branch="False" />
            <line number="56" hits="1" branch="False" />
            <line number="57" hits="1" branch="False" />
            <line number="58" hits="1" branch="False" />
            <line number="59" hits="1" branch="False" />
            <line number="60" hits="1" branch="False" />
            <line number="61" hits="1" branch="False" />
            <line number="62" hits="1" branch="False" />
            <line number="63" hits="1" branch="False" />
            <line number="64" hits="1" branch="False" />
            <line number="65" hits="1" branch="False" />
            <line number="66" hits="1" branch="False" />
            <line number="67" hits="1" branch="False" />
            <line number="68" hits="1" branch="False" />
            <line number="69" hits="1" branch="False" />
            <line number="70" hits="1" branch="False" />
            <line number="71" hits="1" branch="False" />
            <line number="72" hits="1" branch="False" />
            <line number="73" hits="1" branch="False" />
            <line number="74" hits="1" branch="False" />
          </lines>
        </class>
        <class name="TicketSystemWeb.Controllers.ProjectManagementController/&lt;UpdateGroup&gt;d__9" filename="Controllers\ProjectManagementController.cs" line-rate="0.9259000000000001" branch-rate="0.8" complexity="10">
          <methods>
            <method name="MoveNext" signature="()" line-rate="0.9259000000000001" branch-rate="0.8" complexity="10">
              <lines>
                <line number="308" hits="3" branch="False" />
                <line number="309" hits="3" branch="True" condition-coverage="50% (1/2)">
                  <conditions>
                    <condition number="78" type="jump" coverage="50%" />
                  </conditions>
                </line>
                <line number="310" hits="0" branch="False" />
                <line number="311" hits="0" branch="False" />
                <line number="313" hits="3" branch="False" />
                <line number="314" hits="4" branch="True" condition-coverage="100% (2/2)">
                  <conditions>
                    <condition number="286" type="jump" coverage="100%" />
                  </conditions>
                </line>
                <line number="315" hits="2" branch="False" />
                <line number="316" hits="2" branch="False" />
                <line number="317" hits="2" branch="True" condition-coverage="75% (3/4)">
                  <conditions>
                    <condition number="387" type="jump" coverage="50%" />
                    <condition number="405" type="jump" coverage="100%" />
                  </conditions>
                </line>
                <line number="318" hits="1" branch="False" />
                <line number="319" hits="1" branch="False" />
                <line number="321" hits="1" branch="False" />
                <line number="322" hits="1" branch="False" />
                <line number="323" hits="1" branch="False" />
                <line number="324" hits="1" branch="False" />
                <line number="325" hits="1" branch="False" />
                <line number="326" hits="5" branch="True" condition-coverage="100% (2/2)">
                  <conditions>
                    <condition number="775" type="jump" coverage="100%" />
                  </conditions>
                </line>
                <line number="327" hits="1" branch="False" />
                <line number="328" hits="1" branch="False" />
                <line number="329" hits="1" branch="False" />
                <line number="330" hits="1" branch="False" />
                <line number="331" hits="1" branch="False" />
                <line number="332" hits="1" branch="False" />
                <line number="333" hits="1" branch="False" />
                <line number="334" hits="1" branch="False" />
                <line number="335" hits="1" branch="False" />
                <line number="336" hits="3" branch="False" />
              </lines>
            </method>
          </methods>
          <lines>
            <line number="308" hits="3" branch="False" />
            <line number="309" hits="3" branch="True" condition-coverage="50% (1/2)">
              <conditions>
                <condition number="78" type="jump" coverage="50%" />
              </conditions>
            </line>
            <line number="310" hits="0" branch="False" />
            <line number="311" hits="0" branch="False" />
            <line number="313" hits="3" branch="False" />
            <line number="314" hits="4" branch="True" condition-coverage="100% (2/2)">
              <conditions>
                <condition number="286" type="jump" coverage="100%" />
              </conditions>
            </line>
            <line number="315" hits="2" branch="False" />
            <line number="316" hits="2" branch="False" />
            <line number="317" hits="2" branch="True" condition-coverage="75% (3/4)">
              <conditions>
                <condition number="387" type="jump" coverage="50%" />
                <condition number="405" type="jump" coverage="100%" />
              </conditions>
            </line>
            <line number="318" hits="1" branch="False" />
            <line number="319" hits="1" branch="False" />
            <line number="321" hits="1" branch="False" />
            <line number="322" hits="1" branch="False" />
            <line number="323" hits="1" branch="False" />
            <line number="324" hits="1" branch="False" />
            <line number="325" hits="1" branch="False" />
            <line number="326" hits="5" branch="True" condition-coverage="100% (2/2)">
              <conditions>
                <condition number="775" type="jump" coverage="100%" />
              </conditions>
            </line>
            <line number="327" hits="1" branch="False" />
            <line number="328" hits="1" branch="False" />
            <line number="329" hits="1" branch="False" />
            <line number="330" hits="1" branch="False" />
            <line number="331" hits="1" branch="False" />
            <line number="332" hits="1" branch="False" />
            <line number="333" hits="1" branch="False" />
            <line number="334" hits="1" branch="False" />
            <line number="335" hits="1" branch="False" />
            <line number="336" hits="3" branch="False" />
          </lines>
        </class>
        <class name="TicketSystemWeb.Controllers.ProjectManagementController/&lt;UpdateProject&gt;d__6" filename="Controllers\ProjectManagementController.cs" line-rate="1" branch-rate="0.9444" complexity="18">
          <methods>
            <method name="MoveNext" signature="()" line-rate="1" branch-rate="0.9444" complexity="18">
              <lines>
                <line number="174" hits="5" branch="False" />
                <line number="175" hits="5" branch="True" condition-coverage="100% (2/2)">
                  <conditions>
                    <condition number="110" type="jump" coverage="100%" />
                  </conditions>
                </line>
                <line number="176" hits="1" branch="False" />
                <line number="177" hits="1" branch="False" />
                <line number="179" hits="4" branch="False" />
                <line number="180" hits="5" branch="True" condition-coverage="100% (2/2)">
                  <conditions>
                    <condition number="290" type="jump" coverage="100%" />
                  </conditions>
                </line>
                <line number="181" hits="3" branch="False" />
                <line number="182" hits="3" branch="False" />
                <line number="183" hits="3" branch="False" />
                <line number="184" hits="4" branch="True" condition-coverage="100% (2/2)">
                  <conditions>
                    <condition number="657" type="jump" coverage="100%" />
                  </conditions>
                </line>
                <line number="185" hits="2" branch="False" />
                <line number="186" hits="2" branch="True" condition-coverage="100% (4/4)">
                  <conditions>
                    <condition number="820" type="jump" coverage="100%" />
                    <condition number="856" type="jump" coverage="100%" />
                  </conditions>
                </line>
                <line number="187" hits="1" branch="False" />
                <line number="188" hits="1" branch="False" />
                <line number="190" hits="1" branch="False" />
                <line number="191" hits="1" branch="False" />
                <line number="192" hits="1" branch="True" condition-coverage="100% (2/2)">
                  <conditions>
                    <condition number="968" type="jump" coverage="100%" />
                  </conditions>
                </line>
                <line number="193" hits="1" branch="False" />
                <line number="194" hits="1" branch="False" />
                <line number="195" hits="1" branch="True" condition-coverage="100% (2/2)">
                  <conditions>
                    <condition number="1155" type="jump" coverage="100%" />
                  </conditions>
                </line>
                <line number="196" hits="1" branch="False" />
                <line number="197" hits="1" branch="False" />
                <line number="198" hits="1" branch="False" />
                <line number="199" hits="1" branch="False" />
                <line number="200" hits="1" branch="False" />
                <line number="202" hits="1" branch="True" condition-coverage="50% (1/2)">
                  <conditions>
                    <condition number="1289" type="jump" coverage="50%" />
                  </conditions>
                </line>
                <line number="204" hits="1" branch="False" />
                <line number="206" hits="1" branch="False" />
                <line number="208" hits="5" branch="True" condition-coverage="100% (2/2)">
                  <conditions>
                    <condition number="1481" type="jump" coverage="100%" />
                  </conditions>
                </line>
                <line number="209" hits="1" branch="False" />
                <line number="210" hits="1" branch="False" />
                <line number="211" hits="1" branch="False" />
                <line number="212" hits="1" branch="False" />
                <line number="213" hits="1" branch="False" />
                <line number="214" hits="1" branch="False" />
                <line number="215" hits="1" branch="False" />
                <line number="217" hits="1" branch="False" />
                <line number="218" hits="1" branch="False" />
                <line number="219" hits="1" branch="False" />
                <line number="220" hits="5" branch="False" />
              </lines>
            </method>
          </methods>
          <lines>
            <line number="174" hits="5" branch="False" />
            <line number="175" hits="5" branch="True" condition-coverage="100% (2/2)">
              <conditions>
                <condition number="110" type="jump" coverage="100%" />
              </conditions>
            </line>
            <line number="176" hits="1" branch="False" />
            <line number="177" hits="1" branch="False" />
            <line number="179" hits="4" branch="False" />
            <line number="180" hits="5" branch="True" condition-coverage="100% (2/2)">
              <conditions>
                <condition number="290" type="jump" coverage="100%" />
              </conditions>
            </line>
            <line number="181" hits="3" branch="False" />
            <line number="182" hits="3" branch="False" />
            <line number="183" hits="3" branch="False" />
            <line number="184" hits="4" branch="True" condition-coverage="100% (2/2)">
              <conditions>
                <condition number="657" type="jump" coverage="100%" />
              </conditions>
            </line>
            <line number="185" hits="2" branch="False" />
            <line number="186" hits="2" branch="True" condition-coverage="100% (4/4)">
              <conditions>
                <condition number="820" type="jump" coverage="100%" />
                <condition number="856" type="jump" coverage="100%" />
              </conditions>
            </line>
            <line number="187" hits="1" branch="False" />
            <line number="188" hits="1" branch="False" />
            <line number="190" hits="1" branch="False" />
            <line number="191" hits="1" branch="False" />
            <line number="192" hits="1" branch="True" condition-coverage="100% (2/2)">
              <conditions>
                <condition number="968" type="jump" coverage="100%" />
              </conditions>
            </line>
            <line number="193" hits="1" branch="False" />
            <line number="194" hits="1" branch="False" />
            <line number="195" hits="1" branch="True" condition-coverage="100% (2/2)">
              <conditions>
                <condition number="1155" type="jump" coverage="100%" />
              </conditions>
            </line>
            <line number="196" hits="1" branch="False" />
            <line number="197" hits="1" branch="False" />
            <line number="198" hits="1" branch="False" />
            <line number="199" hits="1" branch="False" />
            <line number="200" hits="1" branch="False" />
            <line number="202" hits="1" branch="True" condition-coverage="50% (1/2)">
              <conditions>
                <condition number="1289" type="jump" coverage="50%" />
              </conditions>
            </line>
            <line number="204" hits="1" branch="False" />
            <line number="206" hits="1" branch="False" />
            <line number="208" hits="5" branch="True" condition-coverage="100% (2/2)">
              <conditions>
                <condition number="1481" type="jump" coverage="100%" />
              </conditions>
            </line>
            <line number="209" hits="1" branch="False" />
            <line number="210" hits="1" branch="False" />
            <line number="211" hits="1" branch="False" />
            <line number="212" hits="1" branch="False" />
            <line number="213" hits="1" branch="False" />
            <line number="214" hits="1" branch="False" />
            <line number="215" hits="1" branch="False" />
            <line number="217" hits="1" branch="False" />
            <line number="218" hits="1" branch="False" />
            <line number="219" hits="1" branch="False" />
            <line number="220" hits="5" branch="False" />
          </lines>
        </class>
      </classes>
    </package>
  </packages>
</coverage>