<?xml version="1.0" encoding="utf-8"?>
<coverage line-rate="0.20600000000000002" branch-rate="0.166" version="1.9" timestamp="1741776645" lines-covered="503" lines-valid="2441" branches-covered="89" branches-valid="536">
  <sources>
    <source>C:\Users\jh00291\Documents\GitHub\CapstoneProjectGroup7\code\CapstoneProjectG7\TicketSystemWeb\</source>
  </sources>
  <packages>
    <package name="TicketSystemWeb" line-rate="0.20600000000000002" branch-rate="0.166" complexity="657">
      <classes>
        <class name="Program/&lt;&lt;Main&gt;$&gt;d__0" filename="Program.cs" line-rate="0" branch-rate="0" complexity="2">
          <methods>
            <method name="MoveNext" signature="()" line-rate="0" branch-rate="0" complexity="2">
              <lines>
                <line number="6" hits="0" branch="False" />
                <line number="8" hits="0" branch="False" />
                <line number="9" hits="0" branch="False" />
                <line number="11" hits="0" branch="False" />
                <line number="12" hits="0" branch="False" />
                <line number="14" hits="0" branch="False" />
                <line number="15" hits="0" branch="False" />
                <line number="16" hits="0" branch="False" />
                <line number="18" hits="0" branch="False" />
                <line number="19" hits="0" branch="False" />
                <line number="20" hits="0" branch="False" />
                <line number="21" hits="0" branch="False" />
                <line number="22" hits="0" branch="False" />
                <line number="23" hits="0" branch="False" />
                <line number="24" hits="0" branch="False" />
                <line number="25" hits="0" branch="False" />
                <line number="27" hits="0" branch="False" />
                <line number="28" hits="0" branch="False" />
                <line number="29" hits="0" branch="False" />
                <line number="30" hits="0" branch="False" />
                <line number="32" hits="0" branch="False" />
                <line number="34" hits="0" branch="False" />
                <line number="35" hits="0" branch="False" />
                <line number="36" hits="0" branch="False" />
                <line number="37" hits="0" branch="False" />
                <line number="38" hits="0" branch="False" />
                <line number="39" hits="0" branch="False" />
                <line number="40" hits="0" branch="False" />
                <line number="42" hits="0" branch="True" condition-coverage="0% (0/2)">
                  <conditions>
                    <condition number="548" type="jump" coverage="0%" />
                  </conditions>
                </line>
                <line number="43" hits="0" branch="False" />
                <line number="44" hits="0" branch="False" />
                <line number="46" hits="0" branch="False" />
                <line number="47" hits="0" branch="False" />
                <line number="49" hits="0" branch="False" />
                <line number="50" hits="0" branch="False" />
                <line number="52" hits="0" branch="False" />
                <line number="54" hits="0" branch="False" />
                <line number="55" hits="0" branch="False" />
                <line number="57" hits="0" branch="False" />
                <line number="58" hits="0" branch="False" />
                <line number="59" hits="0" branch="False" />
                <line number="61" hits="0" branch="False" />
                <line number="63" hits="0" branch="False" />
              </lines>
            </method>
          </methods>
          <lines>
            <line number="6" hits="0" branch="False" />
            <line number="8" hits="0" branch="False" />
            <line number="9" hits="0" branch="False" />
            <line number="11" hits="0" branch="False" />
            <line number="12" hits="0" branch="False" />
            <line number="14" hits="0" branch="False" />
            <line number="15" hits="0" branch="False" />
            <line number="16" hits="0" branch="False" />
            <line number="18" hits="0" branch="False" />
            <line number="19" hits="0" branch="False" />
            <line number="20" hits="0" branch="False" />
            <line number="21" hits="0" branch="False" />
            <line number="22" hits="0" branch="False" />
            <line number="23" hits="0" branch="False" />
            <line number="24" hits="0" branch="False" />
            <line number="25" hits="0" branch="False" />
            <line number="27" hits="0" branch="False" />
            <line number="28" hits="0" branch="False" />
            <line number="29" hits="0" branch="False" />
            <line number="30" hits="0" branch="False" />
            <line number="32" hits="0" branch="False" />
            <line number="34" hits="0" branch="False" />
            <line number="35" hits="0" branch="False" />
            <line number="36" hits="0" branch="False" />
            <line number="37" hits="0" branch="False" />
            <line number="38" hits="0" branch="False" />
            <line number="39" hits="0" branch="False" />
            <line number="40" hits="0" branch="False" />
            <line number="42" hits="0" branch="True" condition-coverage="0% (0/2)">
              <conditions>
                <condition number="548" type="jump" coverage="0%" />
              </conditions>
            </line>
            <line number="43" hits="0" branch="False" />
            <line number="44" hits="0" branch="False" />
            <line number="46" hits="0" branch="False" />
            <line number="47" hits="0" branch="False" />
            <line number="49" hits="0" branch="False" />
            <line number="50" hits="0" branch="False" />
            <line number="52" hits="0" branch="False" />
            <line number="54" hits="0" branch="False" />
            <line number="55" hits="0" branch="False" />
            <line number="57" hits="0" branch="False" />
            <line number="58" hits="0" branch="False" />
            <line number="59" hits="0" branch="False" />
            <line number="61" hits="0" branch="False" />
            <line number="63" hits="0" branch="False" />
          </lines>
        </class>
        <class name="AspNetCoreGeneratedDocument.Views_Account_Login/&lt;ExecuteAsync&gt;d__30" filename="Views\Account\Login.cshtml" line-rate="0" branch-rate="0" complexity="4">
          <methods>
            <method name="MoveNext" signature="()" line-rate="0" branch-rate="0" complexity="4">
              <lines>
                <line number="3" hits="0" branch="True" condition-coverage="0% (0/4)">
                  <conditions>
                    <condition number="330" type="jump" coverage="0%" />
                    <condition number="768" type="jump" coverage="0%" />
                  </conditions>
                </line>
              </lines>
            </method>
          </methods>
          <lines>
            <line number="3" hits="0" branch="True" condition-coverage="0% (0/4)">
              <conditions>
                <condition number="330" type="jump" coverage="0%" />
                <condition number="768" type="jump" coverage="0%" />
              </conditions>
            </line>
          </lines>
        </class>
        <class name="AspNetCoreGeneratedDocument.Views_Employees_Employees/&lt;ExecuteAsync&gt;d__17" filename="Views\Employees\Employees.cshtml" line-rate="0" branch-rate="0" complexity="62">
          <methods>
            <method name="MoveNext" signature="()" line-rate="0" branch-rate="0" complexity="62">
              <lines>
                <line number="22" hits="0" branch="True" condition-coverage="0% (0/2)">
                  <conditions>
                    <condition number="2015" type="jump" coverage="0%" />
                  </conditions>
                </line>
                <line number="23" hits="0" branch="True" condition-coverage="0% (0/2)">
                  <conditions>
                    <condition number="292" type="jump" coverage="0%" />
                  </conditions>
                </line>
                <line number="30" hits="0" branch="True" condition-coverage="0% (0/28)">
                  <conditions>
                    <condition number="334" type="jump" coverage="0%" />
                    <condition number="402" type="jump" coverage="0%" />
                    <condition number="480" type="jump" coverage="0%" />
                    <condition number="574" type="jump" coverage="0%" />
                    <condition number="643" type="jump" coverage="0%" />
                    <condition number="653" type="jump" coverage="0%" />
                    <condition number="731" type="jump" coverage="0%" />
                    <condition number="813" type="jump" coverage="0%" />
                    <condition number="925" type="jump" coverage="0%" />
                    <condition number="994" type="jump" coverage="0%" />
                    <condition number="1004" type="jump" coverage="0%" />
                    <condition number="1082" type="jump" coverage="0%" />
                    <condition number="1171" type="jump" coverage="0%" />
                    <condition number="1273" type="jump" coverage="0%" />
                  </conditions>
                </line>
                <line number="31" hits="0" branch="False" />
                <line number="40" hits="0" branch="False" />
                <line number="43" hits="0" branch="False" />
                <line number="47" hits="0" branch="True" condition-coverage="0% (0/24)">
                  <conditions>
                    <condition number="2099" type="jump" coverage="0%" />
                    <condition number="2109" type="jump" coverage="0%" />
                    <condition number="2177" type="jump" coverage="0%" />
                    <condition number="2257" type="jump" coverage="0%" />
                    <condition number="2335" type="jump" coverage="0%" />
                    <condition number="2429" type="jump" coverage="0%" />
                    <condition number="2498" type="jump" coverage="0%" />
                    <condition number="2508" type="jump" coverage="0%" />
                    <condition number="2586" type="jump" coverage="0%" />
                    <condition number="2664" type="jump" coverage="0%" />
                    <condition number="2735" type="jump" coverage="0%" />
                    <condition number="2853" type="jump" coverage="0%" />
                  </conditions>
                </line>
                <line number="48" hits="0" branch="False" />
                <line number="56" hits="0" branch="True" condition-coverage="0% (0/6)">
                  <conditions>
                    <condition number="3217" type="jump" coverage="0%" />
                    <condition number="3729" type="jump" coverage="0%" />
                    <condition number="4381" type="jump" coverage="0%" />
                  </conditions>
                </line>
              </lines>
            </method>
          </methods>
          <lines>
            <line number="22" hits="0" branch="True" condition-coverage="0% (0/2)">
              <conditions>
                <condition number="2015" type="jump" coverage="0%" />
              </conditions>
            </line>
            <line number="23" hits="0" branch="True" condition-coverage="0% (0/2)">
              <conditions>
                <condition number="292" type="jump" coverage="0%" />
              </conditions>
            </line>
            <line number="30" hits="0" branch="True" condition-coverage="0% (0/28)">
              <conditions>
                <condition number="334" type="jump" coverage="0%" />
                <condition number="402" type="jump" coverage="0%" />
                <condition number="480" type="jump" coverage="0%" />
                <condition number="574" type="jump" coverage="0%" />
                <condition number="643" type="jump" coverage="0%" />
                <condition number="653" type="jump" coverage="0%" />
                <condition number="731" type="jump" coverage="0%" />
                <condition number="813" type="jump" coverage="0%" />
                <condition number="925" type="jump" coverage="0%" />
                <condition number="994" type="jump" coverage="0%" />
                <condition number="1004" type="jump" coverage="0%" />
                <condition number="1082" type="jump" coverage="0%" />
                <condition number="1171" type="jump" coverage="0%" />
                <condition number="1273" type="jump" coverage="0%" />
              </conditions>
            </line>
            <line number="31" hits="0" branch="False" />
            <line number="40" hits="0" branch="False" />
            <line number="43" hits="0" branch="False" />
            <line number="47" hits="0" branch="True" condition-coverage="0% (0/24)">
              <conditions>
                <condition number="2099" type="jump" coverage="0%" />
                <condition number="2109" type="jump" coverage="0%" />
                <condition number="2177" type="jump" coverage="0%" />
                <condition number="2257" type="jump" coverage="0%" />
                <condition number="2335" type="jump" coverage="0%" />
                <condition number="2429" type="jump" coverage="0%" />
                <condition number="2498" type="jump" coverage="0%" />
                <condition number="2508" type="jump" coverage="0%" />
                <condition number="2586" type="jump" coverage="0%" />
                <condition number="2664" type="jump" coverage="0%" />
                <condition number="2735" type="jump" coverage="0%" />
                <condition number="2853" type="jump" coverage="0%" />
              </conditions>
            </line>
            <line number="48" hits="0" branch="False" />
            <line number="56" hits="0" branch="True" condition-coverage="0% (0/6)">
              <conditions>
                <condition number="3217" type="jump" coverage="0%" />
                <condition number="3729" type="jump" coverage="0%" />
                <condition number="4381" type="jump" coverage="0%" />
              </conditions>
            </line>
          </lines>
        </class>
        <class name="AspNetCoreGeneratedDocument.Views_Home_Index/&lt;&lt;ExecuteAsync&gt;b__13_1&gt;d" filename="Views\Home\Index.cshtml" line-rate="0" branch-rate="0" complexity="156">
          <methods>
            <method name="MoveNext" signature="()" line-rate="0" branch-rate="0" complexity="156">
              <lines>
                <line number="15" hits="0" branch="True" condition-coverage="0% (0/6)">
                  <conditions>
                    <condition number="102" type="jump" coverage="0%" />
                    <condition number="162" type="jump" coverage="0%" />
                    <condition number="2071" type="jump" coverage="0%" />
                  </conditions>
                </line>
                <line number="16" hits="0" branch="True" condition-coverage="0% (0/36)">
                  <conditions>
                    <condition number="393" type="jump" coverage="0%" />
                    <condition number="461" type="jump" coverage="0%" />
                    <condition number="555" type="jump" coverage="0%" />
                    <condition number="642" type="jump" coverage="0%" />
                    <condition number="760" type="jump" coverage="0%" />
                    <condition number="912" type="jump" coverage="0%" />
                    <condition number="1071" type="jump" coverage="0%" />
                    <condition number="1163" type="jump" coverage="0%" />
                    <condition number="1268" type="jump" coverage="0%" />
                    <condition number="1360" type="jump" coverage="0%" />
                    <condition number="1428" type="jump" coverage="0%" />
                    <condition number="1506" type="jump" coverage="0%" />
                    <condition number="1577" type="jump" coverage="0%" />
                    <condition number="1671" type="jump" coverage="0%" />
                    <condition number="1678" type="jump" coverage="0%" />
                    <condition number="1765" type="jump" coverage="0%" />
                    <condition number="1842" type="jump" coverage="0%" />
                    <condition number="1934" type="jump" coverage="0%" />
                  </conditions>
                </line>
                <line number="22" hits="0" branch="False" />
                <line number="26" hits="0" branch="True" condition-coverage="0% (0/4)">
                  <conditions>
                    <condition number="2140" type="jump" coverage="0%" />
                    <condition number="2171" type="jump" coverage="0%" />
                  </conditions>
                </line>
                <line number="27" hits="0" branch="False" />
                <line number="29" hits="0" branch="False" />
                <line number="31" hits="0" branch="False" />
                <line number="34" hits="0" branch="True" condition-coverage="0% (0/16)">
                  <conditions>
                    <condition number="2265" type="jump" coverage="0%" />
                    <condition number="2333" type="jump" coverage="0%" />
                    <condition number="2411" type="jump" coverage="0%" />
                    <condition number="2506" type="jump" coverage="0%" />
                    <condition number="2576" type="jump" coverage="0%" />
                    <condition number="2586" type="jump" coverage="0%" />
                    <condition number="2665" type="jump" coverage="0%" />
                    <condition number="2763" type="jump" coverage="0%" />
                  </conditions>
                </line>
                <line number="35" hits="0" branch="False" />
                <line number="37" hits="0" branch="False" />
                <line number="41" hits="0" branch="True" condition-coverage="0% (0/2)">
                  <conditions>
                    <condition number="5780" type="jump" coverage="0%" />
                  </conditions>
                </line>
                <line number="42" hits="0" branch="True" condition-coverage="0% (0/36)">
                  <conditions>
                    <condition number="3030" type="jump" coverage="0%" />
                    <condition number="3098" type="jump" coverage="0%" />
                    <condition number="3185" type="jump" coverage="0%" />
                    <condition number="3284" type="jump" coverage="0%" />
                    <condition number="3352" type="jump" coverage="0%" />
                    <condition number="3439" type="jump" coverage="0%" />
                    <condition number="3555" type="jump" coverage="0%" />
                    <condition number="3623" type="jump" coverage="0%" />
                    <condition number="3710" type="jump" coverage="0%" />
                    <condition number="3809" type="jump" coverage="0%" />
                    <condition number="3877" type="jump" coverage="0%" />
                    <condition number="3964" type="jump" coverage="0%" />
                    <condition number="4125" type="jump" coverage="0%" />
                    <condition number="4193" type="jump" coverage="0%" />
                    <condition number="4280" type="jump" coverage="0%" />
                    <condition number="4379" type="jump" coverage="0%" />
                    <condition number="4447" type="jump" coverage="0%" />
                    <condition number="4534" type="jump" coverage="0%" />
                  </conditions>
                </line>
                <line number="54" hits="0" branch="True" condition-coverage="0% (0/6)">
                  <conditions>
                    <condition number="4608" type="jump" coverage="0%" />
                    <condition number="4629" type="jump" coverage="0%" />
                    <condition number="4688" type="jump" coverage="0%" />
                  </conditions>
                </line>
                <line number="55" hits="0" branch="False" />
                <line number="57" hits="0" branch="False" />
                <line number="58" hits="0" branch="True" condition-coverage="0% (0/10)">
                  <conditions>
                    <condition number="4728" type="jump" coverage="0%" />
                    <condition number="4740" type="jump" coverage="0%" />
                    <condition number="4758" type="jump" coverage="0%" />
                    <condition number="4800" type="jump" coverage="0%" />
                    <condition number="5705" type="jump" coverage="0%" />
                  </conditions>
                </line>
                <line number="59" hits="0" branch="True" condition-coverage="0% (0/12)">
                  <conditions>
                    <condition number="4921" type="jump" coverage="0%" />
                    <condition number="4989" type="jump" coverage="0%" />
                    <condition number="5076" type="jump" coverage="0%" />
                    <condition number="5175" type="jump" coverage="0%" />
                    <condition number="5243" type="jump" coverage="0%" />
                    <condition number="5330" type="jump" coverage="0%" />
                  </conditions>
                </line>
                <line number="75" hits="0" branch="False" />
                <line number="78" hits="0" branch="False" />
                <line number="81" hits="0" branch="True" condition-coverage="0% (0/2)">
                  <conditions>
                    <condition number="6162" type="jump" coverage="0%" />
                  </conditions>
                </line>
                <line number="98" hits="0" branch="True" condition-coverage="0% (0/4)">
                  <conditions>
                    <condition number="7065" type="jump" coverage="0%" />
                    <condition number="7429" type="jump" coverage="0%" />
                  </conditions>
                </line>
                <line number="99" hits="0" branch="True" condition-coverage="0% (0/2)">
                  <conditions>
                    <condition number="6860" type="jump" coverage="0%" />
                  </conditions>
                </line>
                <line number="101" hits="0" branch="False" />
                <line number="109" hits="0" branch="True" condition-coverage="0% (0/18)">
                  <conditions>
                    <condition number="8332" type="jump" coverage="0%" />
                    <condition number="8494" type="jump" coverage="0%" />
                    <condition number="8586" type="jump" coverage="0%" />
                    <condition number="8658" type="jump" coverage="0%" />
                    <condition number="8730" type="jump" coverage="0%" />
                    <condition number="8850" type="jump" coverage="0%" />
                    <condition number="8942" type="jump" coverage="0%" />
                    <condition number="9014" type="jump" coverage="0%" />
                    <condition number="9086" type="jump" coverage="0%" />
                  </conditions>
                </line>
                <line number="110" hits="0" branch="True" condition-coverage="0% (0/2)">
                  <conditions>
                    <condition number="8127" type="jump" coverage="0%" />
                  </conditions>
                </line>
                <line number="112" hits="0" branch="False" />
              </lines>
            </method>
          </methods>
          <lines>
            <line number="15" hits="0" branch="True" condition-coverage="0% (0/6)">
              <conditions>
                <condition number="102" type="jump" coverage="0%" />
                <condition number="162" type="jump" coverage="0%" />
                <condition number="2071" type="jump" coverage="0%" />
              </conditions>
            </line>
            <line number="16" hits="0" branch="True" condition-coverage="0% (0/36)">
              <conditions>
                <condition number="393" type="jump" coverage="0%" />
                <condition number="461" type="jump" coverage="0%" />
                <condition number="555" type="jump" coverage="0%" />
                <condition number="642" type="jump" coverage="0%" />
                <condition number="760" type="jump" coverage="0%" />
                <condition number="912" type="jump" coverage="0%" />
                <condition number="1071" type="jump" coverage="0%" />
                <condition number="1163" type="jump" coverage="0%" />
                <condition number="1268" type="jump" coverage="0%" />
                <condition number="1360" type="jump" coverage="0%" />
                <condition number="1428" type="jump" coverage="0%" />
                <condition number="1506" type="jump" coverage="0%" />
                <condition number="1577" type="jump" coverage="0%" />
                <condition number="1671" type="jump" coverage="0%" />
                <condition number="1678" type="jump" coverage="0%" />
                <condition number="1765" type="jump" coverage="0%" />
                <condition number="1842" type="jump" coverage="0%" />
                <condition number="1934" type="jump" coverage="0%" />
              </conditions>
            </line>
            <line number="22" hits="0" branch="False" />
            <line number="26" hits="0" branch="True" condition-coverage="0% (0/4)">
              <conditions>
                <condition number="2140" type="jump" coverage="0%" />
                <condition number="2171" type="jump" coverage="0%" />
              </conditions>
            </line>
            <line number="27" hits="0" branch="False" />
            <line number="29" hits="0" branch="False" />
            <line number="31" hits="0" branch="False" />
            <line number="34" hits="0" branch="True" condition-coverage="0% (0/16)">
              <conditions>
                <condition number="2265" type="jump" coverage="0%" />
                <condition number="2333" type="jump" coverage="0%" />
                <condition number="2411" type="jump" coverage="0%" />
                <condition number="2506" type="jump" coverage="0%" />
                <condition number="2576" type="jump" coverage="0%" />
                <condition number="2586" type="jump" coverage="0%" />
                <condition number="2665" type="jump" coverage="0%" />
                <condition number="2763" type="jump" coverage="0%" />
              </conditions>
            </line>
            <line number="35" hits="0" branch="False" />
            <line number="37" hits="0" branch="False" />
            <line number="41" hits="0" branch="True" condition-coverage="0% (0/2)">
              <conditions>
                <condition number="5780" type="jump" coverage="0%" />
              </conditions>
            </line>
            <line number="42" hits="0" branch="True" condition-coverage="0% (0/36)">
              <conditions>
                <condition number="3030" type="jump" coverage="0%" />
                <condition number="3098" type="jump" coverage="0%" />
                <condition number="3185" type="jump" coverage="0%" />
                <condition number="3284" type="jump" coverage="0%" />
                <condition number="3352" type="jump" coverage="0%" />
                <condition number="3439" type="jump" coverage="0%" />
                <condition number="3555" type="jump" coverage="0%" />
                <condition number="3623" type="jump" coverage="0%" />
                <condition number="3710" type="jump" coverage="0%" />
                <condition number="3809" type="jump" coverage="0%" />
                <condition number="3877" type="jump" coverage="0%" />
                <condition number="3964" type="jump" coverage="0%" />
                <condition number="4125" type="jump" coverage="0%" />
                <condition number="4193" type="jump" coverage="0%" />
                <condition number="4280" type="jump" coverage="0%" />
                <condition number="4379" type="jump" coverage="0%" />
                <condition number="4447" type="jump" coverage="0%" />
                <condition number="4534" type="jump" coverage="0%" />
              </conditions>
            </line>
            <line number="54" hits="0" branch="True" condition-coverage="0% (0/6)">
              <conditions>
                <condition number="4608" type="jump" coverage="0%" />
                <condition number="4629" type="jump" coverage="0%" />
                <condition number="4688" type="jump" coverage="0%" />
              </conditions>
            </line>
            <line number="55" hits="0" branch="False" />
            <line number="57" hits="0" branch="False" />
            <line number="58" hits="0" branch="True" condition-coverage="0% (0/10)">
              <conditions>
                <condition number="4728" type="jump" coverage="0%" />
                <condition number="4740" type="jump" coverage="0%" />
                <condition number="4758" type="jump" coverage="0%" />
                <condition number="4800" type="jump" coverage="0%" />
                <condition number="5705" type="jump" coverage="0%" />
              </conditions>
            </line>
            <line number="59" hits="0" branch="True" condition-coverage="0% (0/12)">
              <conditions>
                <condition number="4921" type="jump" coverage="0%" />
                <condition number="4989" type="jump" coverage="0%" />
                <condition number="5076" type="jump" coverage="0%" />
                <condition number="5175" type="jump" coverage="0%" />
                <condition number="5243" type="jump" coverage="0%" />
                <condition number="5330" type="jump" coverage="0%" />
              </conditions>
            </line>
            <line number="75" hits="0" branch="False" />
            <line number="78" hits="0" branch="False" />
            <line number="81" hits="0" branch="True" condition-coverage="0% (0/2)">
              <conditions>
                <condition number="6162" type="jump" coverage="0%" />
              </conditions>
            </line>
            <line number="98" hits="0" branch="True" condition-coverage="0% (0/4)">
              <conditions>
                <condition number="7065" type="jump" coverage="0%" />
                <condition number="7429" type="jump" coverage="0%" />
              </conditions>
            </line>
            <line number="99" hits="0" branch="True" condition-coverage="0% (0/2)">
              <conditions>
                <condition number="6860" type="jump" coverage="0%" />
              </conditions>
            </line>
            <line number="101" hits="0" branch="False" />
            <line number="109" hits="0" branch="True" condition-coverage="0% (0/18)">
              <conditions>
                <condition number="8332" type="jump" coverage="0%" />
                <condition number="8494" type="jump" coverage="0%" />
                <condition number="8586" type="jump" coverage="0%" />
                <condition number="8658" type="jump" coverage="0%" />
                <condition number="8730" type="jump" coverage="0%" />
                <condition number="8850" type="jump" coverage="0%" />
                <condition number="8942" type="jump" coverage="0%" />
                <condition number="9014" type="jump" coverage="0%" />
                <condition number="9086" type="jump" coverage="0%" />
              </conditions>
            </line>
            <line number="110" hits="0" branch="True" condition-coverage="0% (0/2)">
              <conditions>
                <condition number="8127" type="jump" coverage="0%" />
              </conditions>
            </line>
            <line number="112" hits="0" branch="False" />
          </lines>
        </class>
        <class name="AspNetCoreGeneratedDocument.Views_ProjectManagement_Management" filename="Views\ProjectManagement\Management.cshtml" line-rate="0" branch-rate="1" complexity="2">
          <methods>
            <method name="&lt;ExecuteAsync&gt;b__18_13" signature="(TicketSystemWeb.Models.ProjectManagement.Group.Group)" line-rate="0" branch-rate="1" complexity="1">
              <lines>
                <line number="148" hits="0" branch="False" />
              </lines>
            </method>
            <method name="&lt;ExecuteAsync&gt;b__18_18" signature="(TicketSystemWeb.Models.ProjectManagement.Group.Group)" line-rate="0" branch-rate="1" complexity="1">
              <lines>
                <line number="225" hits="0" branch="False" />
              </lines>
            </method>
          </methods>
          <lines>
            <line number="148" hits="0" branch="False" />
            <line number="225" hits="0" branch="False" />
          </lines>
        </class>
        <class name="AspNetCoreGeneratedDocument.Views_ProjectManagement_Management/&lt;&lt;ExecuteAsync&gt;b__18_0&gt;d" filename="Views\ProjectManagement\Management.cshtml" line-rate="0" branch-rate="0" complexity="14">
          <methods>
            <method name="MoveNext" signature="()" line-rate="0" branch-rate="0" complexity="14">
              <lines>
                <line number="109" hits="0" branch="True" condition-coverage="0% (0/4)">
                  <conditions>
                    <condition number="392" type="jump" coverage="0%" />
                    <condition number="1287" type="jump" coverage="0%" />
                  </conditions>
                </line>
                <line number="110" hits="0" branch="True" condition-coverage="0% (0/2)">
                  <conditions>
                    <condition number="1083" type="jump" coverage="0%" />
                  </conditions>
                </line>
                <line number="112" hits="0" branch="False" />
                <line number="123" hits="0" branch="True" condition-coverage="0% (0/2)">
                  <conditions>
                    <condition number="2061" type="jump" coverage="0%" />
                  </conditions>
                </line>
                <line number="124" hits="0" branch="True" condition-coverage="0% (0/2)">
                  <conditions>
                    <condition number="1857" type="jump" coverage="0%" />
                  </conditions>
                </line>
                <line number="126" hits="0" branch="False" />
                <line number="149" hits="0" branch="True" condition-coverage="0% (0/2)">
                  <conditions>
                    <condition number="2670" type="jump" coverage="0%" />
                  </conditions>
                </line>
                <line number="151" hits="0" branch="False" />
              </lines>
            </method>
          </methods>
          <lines>
            <line number="109" hits="0" branch="True" condition-coverage="0% (0/4)">
              <conditions>
                <condition number="392" type="jump" coverage="0%" />
                <condition number="1287" type="jump" coverage="0%" />
              </conditions>
            </line>
            <line number="110" hits="0" branch="True" condition-coverage="0% (0/2)">
              <conditions>
                <condition number="1083" type="jump" coverage="0%" />
              </conditions>
            </line>
            <line number="112" hits="0" branch="False" />
            <line number="123" hits="0" branch="True" condition-coverage="0% (0/2)">
              <conditions>
                <condition number="2061" type="jump" coverage="0%" />
              </conditions>
            </line>
            <line number="124" hits="0" branch="True" condition-coverage="0% (0/2)">
              <conditions>
                <condition number="1857" type="jump" coverage="0%" />
              </conditions>
            </line>
            <line number="126" hits="0" branch="False" />
            <line number="149" hits="0" branch="True" condition-coverage="0% (0/2)">
              <conditions>
                <condition number="2670" type="jump" coverage="0%" />
              </conditions>
            </line>
            <line number="151" hits="0" branch="False" />
          </lines>
        </class>
        <class name="AspNetCoreGeneratedDocument.Views_ProjectManagement_Management/&lt;&lt;ExecuteAsync&gt;b__18_1&gt;d" filename="Views\ProjectManagement\Management.cshtml" line-rate="0" branch-rate="0" complexity="14">
          <methods>
            <method name="MoveNext" signature="()" line-rate="0" branch-rate="0" complexity="14">
              <lines>
                <line number="187" hits="0" branch="True" condition-coverage="0% (0/4)">
                  <conditions>
                    <condition number="392" type="jump" coverage="0%" />
                    <condition number="1287" type="jump" coverage="0%" />
                  </conditions>
                </line>
                <line number="188" hits="0" branch="True" condition-coverage="0% (0/2)">
                  <conditions>
                    <condition number="1083" type="jump" coverage="0%" />
                  </conditions>
                </line>
                <line number="190" hits="0" branch="False" />
                <line number="200" hits="0" branch="True" condition-coverage="0% (0/2)">
                  <conditions>
                    <condition number="2061" type="jump" coverage="0%" />
                  </conditions>
                </line>
                <line number="201" hits="0" branch="True" condition-coverage="0% (0/2)">
                  <conditions>
                    <condition number="1857" type="jump" coverage="0%" />
                  </conditions>
                </line>
                <line number="203" hits="0" branch="False" />
                <line number="226" hits="0" branch="True" condition-coverage="0% (0/2)">
                  <conditions>
                    <condition number="2670" type="jump" coverage="0%" />
                  </conditions>
                </line>
                <line number="228" hits="0" branch="False" />
              </lines>
            </method>
          </methods>
          <lines>
            <line number="187" hits="0" branch="True" condition-coverage="0% (0/4)">
              <conditions>
                <condition number="392" type="jump" coverage="0%" />
                <condition number="1287" type="jump" coverage="0%" />
              </conditions>
            </line>
            <line number="188" hits="0" branch="True" condition-coverage="0% (0/2)">
              <conditions>
                <condition number="1083" type="jump" coverage="0%" />
              </conditions>
            </line>
            <line number="190" hits="0" branch="False" />
            <line number="200" hits="0" branch="True" condition-coverage="0% (0/2)">
              <conditions>
                <condition number="2061" type="jump" coverage="0%" />
              </conditions>
            </line>
            <line number="201" hits="0" branch="True" condition-coverage="0% (0/2)">
              <conditions>
                <condition number="1857" type="jump" coverage="0%" />
              </conditions>
            </line>
            <line number="203" hits="0" branch="False" />
            <line number="226" hits="0" branch="True" condition-coverage="0% (0/2)">
              <conditions>
                <condition number="2670" type="jump" coverage="0%" />
              </conditions>
            </line>
            <line number="228" hits="0" branch="False" />
          </lines>
        </class>
        <class name="AspNetCoreGeneratedDocument.Views_ProjectManagement_Management/&lt;&lt;ExecuteAsync&gt;b__18_3&gt;d" filename="Views\ProjectManagement\Management.cshtml" line-rate="0" branch-rate="0" complexity="10">
          <methods>
            <method name="MoveNext" signature="()" line-rate="0" branch-rate="0" complexity="10">
              <lines>
                <line number="330" hits="0" branch="True" condition-coverage="0% (0/4)">
                  <conditions>
                    <condition number="379" type="jump" coverage="0%" />
                    <condition number="1274" type="jump" coverage="0%" />
                  </conditions>
                </line>
                <line number="331" hits="0" branch="True" condition-coverage="0% (0/2)">
                  <conditions>
                    <condition number="1070" type="jump" coverage="0%" />
                  </conditions>
                </line>
                <line number="333" hits="0" branch="False" />
                <line number="344" hits="0" branch="True" condition-coverage="0% (0/2)">
                  <conditions>
                    <condition number="2043" type="jump" coverage="0%" />
                  </conditions>
                </line>
                <line number="345" hits="0" branch="True" condition-coverage="0% (0/2)">
                  <conditions>
                    <condition number="1839" type="jump" coverage="0%" />
                  </conditions>
                </line>
                <line number="347" hits="0" branch="False" />
              </lines>
            </method>
          </methods>
          <lines>
            <line number="330" hits="0" branch="True" condition-coverage="0% (0/4)">
              <conditions>
                <condition number="379" type="jump" coverage="0%" />
                <condition number="1274" type="jump" coverage="0%" />
              </conditions>
            </line>
            <line number="331" hits="0" branch="True" condition-coverage="0% (0/2)">
              <conditions>
                <condition number="1070" type="jump" coverage="0%" />
              </conditions>
            </line>
            <line number="333" hits="0" branch="False" />
            <line number="344" hits="0" branch="True" condition-coverage="0% (0/2)">
              <conditions>
                <condition number="2043" type="jump" coverage="0%" />
              </conditions>
            </line>
            <line number="345" hits="0" branch="True" condition-coverage="0% (0/2)">
              <conditions>
                <condition number="1839" type="jump" coverage="0%" />
              </conditions>
            </line>
            <line number="347" hits="0" branch="False" />
          </lines>
        </class>
        <class name="AspNetCoreGeneratedDocument.Views_ProjectManagement_Management/&lt;&lt;ExecuteAsync&gt;b__18_4&gt;d" filename="Views\ProjectManagement\Management.cshtml" line-rate="0" branch-rate="0" complexity="10">
          <methods>
            <method name="MoveNext" signature="()" line-rate="0" branch-rate="0" complexity="10">
              <lines>
                <line number="401" hits="0" branch="True" condition-coverage="0% (0/4)">
                  <conditions>
                    <condition number="379" type="jump" coverage="0%" />
                    <condition number="1274" type="jump" coverage="0%" />
                  </conditions>
                </line>
                <line number="402" hits="0" branch="True" condition-coverage="0% (0/2)">
                  <conditions>
                    <condition number="1070" type="jump" coverage="0%" />
                  </conditions>
                </line>
                <line number="404" hits="0" branch="False" />
                <line number="414" hits="0" branch="True" condition-coverage="0% (0/2)">
                  <conditions>
                    <condition number="2043" type="jump" coverage="0%" />
                  </conditions>
                </line>
                <line number="415" hits="0" branch="True" condition-coverage="0% (0/2)">
                  <conditions>
                    <condition number="1839" type="jump" coverage="0%" />
                  </conditions>
                </line>
                <line number="417" hits="0" branch="False" />
              </lines>
            </method>
          </methods>
          <lines>
            <line number="401" hits="0" branch="True" condition-coverage="0% (0/4)">
              <conditions>
                <condition number="379" type="jump" coverage="0%" />
                <condition number="1274" type="jump" coverage="0%" />
              </conditions>
            </line>
            <line number="402" hits="0" branch="True" condition-coverage="0% (0/2)">
              <conditions>
                <condition number="1070" type="jump" coverage="0%" />
              </conditions>
            </line>
            <line number="404" hits="0" branch="False" />
            <line number="414" hits="0" branch="True" condition-coverage="0% (0/2)">
              <conditions>
                <condition number="2043" type="jump" coverage="0%" />
              </conditions>
            </line>
            <line number="415" hits="0" branch="True" condition-coverage="0% (0/2)">
              <conditions>
                <condition number="1839" type="jump" coverage="0%" />
              </conditions>
            </line>
            <line number="417" hits="0" branch="False" />
          </lines>
        </class>
        <class name="AspNetCoreGeneratedDocument.Views_ProjectManagement_Management/&lt;&gt;c" filename="Views\ProjectManagement\Management.cshtml" line-rate="0" branch-rate="1" complexity="4">
          <methods>
            <method name="&lt;ExecuteAsync&gt;b__18_7" signature="(TicketSystemWeb.Models.ProjectManagement.Project.ProjectGroup)" line-rate="0" branch-rate="1" complexity="1">
              <lines>
                <line number="59" hits="0" branch="False" />
              </lines>
            </method>
            <method name="&lt;ExecuteAsync&gt;b__18_8" signature="(TicketSystemWeb.Models.ProjectManagement.Project.ProjectGroup)" line-rate="0" branch-rate="1" complexity="1">
              <lines>
                <line number="61" hits="0" branch="False" />
              </lines>
            </method>
            <method name="&lt;ExecuteAsync&gt;b__18_6" signature="(TicketSystemWeb.Models.ProjectManagement.Project.ProjectGroup)" line-rate="0" branch-rate="1" complexity="1">
              <lines>
                <line number="75" hits="0" branch="False" />
              </lines>
            </method>
            <method name="&lt;ExecuteAsync&gt;b__18_20" signature="(TicketSystemWeb.Models.Employee.EmployeeGroup)" line-rate="0" branch-rate="1" complexity="1">
              <lines>
                <line number="301" hits="0" branch="False" />
              </lines>
            </method>
          </methods>
          <lines>
            <line number="59" hits="0" branch="False" />
            <line number="61" hits="0" branch="False" />
            <line number="75" hits="0" branch="False" />
            <line number="301" hits="0" branch="False" />
          </lines>
        </class>
        <class name="AspNetCoreGeneratedDocument.Views_ProjectManagement_Management/&lt;ExecuteAsync&gt;d__18" filename="Views\ProjectManagement\Management.cshtml" line-rate="0" branch-rate="0" complexity="48">
          <methods>
            <method name="MoveNext" signature="()" line-rate="0" branch-rate="0" complexity="48">
              <lines>
                <line number="4" hits="0" branch="False" />
                <line number="9" hits="0" branch="True" condition-coverage="0% (0/2)">
                  <conditions>
                    <condition number="208" type="jump" coverage="0%" />
                  </conditions>
                </line>
                <line number="10" hits="0" branch="False" />
                <line number="21" hits="0" branch="True" condition-coverage="0% (0/2)">
                  <conditions>
                    <condition number="670" type="jump" coverage="0%" />
                  </conditions>
                </line>
                <line number="22" hits="0" branch="False" />
                <line number="32" hits="0" branch="False" />
                <line number="35" hits="0" branch="False" />
                <line number="52" hits="0" branch="True" condition-coverage="0% (0/8)">
                  <conditions>
                    <condition number="2281" type="jump" coverage="0%" />
                    <condition number="2666" type="jump" coverage="0%" />
                    <condition number="3318" type="jump" coverage="0%" />
                    <condition number="3970" type="jump" coverage="0%" />
                  </conditions>
                </line>
                <line number="53" hits="0" branch="True" condition-coverage="0% (0/2)">
                  <conditions>
                    <condition number="912" type="jump" coverage="0%" />
                  </conditions>
                </line>
                <line number="60" hits="0" branch="False" />
                <line number="62" hits="0" branch="False" />
                <line number="64" hits="0" branch="False" />
                <line number="65" hits="0" branch="False" />
                <line number="67" hits="0" branch="False" />
                <line number="69" hits="0" branch="False" />
                <line number="72" hits="0" branch="True" condition-coverage="0% (0/6)">
                  <conditions>
                    <condition number="1318" type="jump" coverage="0%" />
                    <condition number="1353" type="jump" coverage="0%" />
                    <condition number="1374" type="jump" coverage="0%" />
                  </conditions>
                </line>
                <line number="73" hits="0" branch="False" />
                <line number="79" hits="0" branch="False" />
                <line number="82" hits="0" branch="False" />
                <line number="264" hits="0" branch="True" condition-coverage="0% (0/2)">
                  <conditions>
                    <condition number="4176" type="jump" coverage="0%" />
                  </conditions>
                </line>
                <line number="265" hits="0" branch="False" />
                <line number="272" hits="0" branch="False" />
                <line number="289" hits="0" branch="True" condition-coverage="0% (0/8)">
                  <conditions>
                    <condition number="5276" type="jump" coverage="0%" />
                    <condition number="5661" type="jump" coverage="0%" />
                    <condition number="6313" type="jump" coverage="0%" />
                    <condition number="6967" type="jump" coverage="0%" />
                  </conditions>
                </line>
                <line number="290" hits="0" branch="True" condition-coverage="0% (0/2)">
                  <conditions>
                    <condition number="4339" type="jump" coverage="0%" />
                  </conditions>
                </line>
                <line number="295" hits="0" branch="True" condition-coverage="0% (0/6)">
                  <conditions>
                    <condition number="4408" type="jump" coverage="0%" />
                    <condition number="4443" type="jump" coverage="0%" />
                    <condition number="4466" type="jump" coverage="0%" />
                  </conditions>
                </line>
                <line number="296" hits="0" branch="True" condition-coverage="0% (0/2)">
                  <conditions>
                    <condition number="4816" type="jump" coverage="0%" />
                  </conditions>
                </line>
                <line number="305" hits="0" branch="False" />
                <line number="308" hits="0" branch="False" />
                <line number="477" hits="0" branch="True" condition-coverage="0% (0/2)">
                  <conditions>
                    <condition number="7174" type="jump" coverage="0%" />
                  </conditions>
                </line>
                <line number="478" hits="0" branch="False" />
                <line number="485" hits="0" branch="False" />
              </lines>
            </method>
          </methods>
          <lines>
            <line number="4" hits="0" branch="False" />
            <line number="9" hits="0" branch="True" condition-coverage="0% (0/2)">
              <conditions>
                <condition number="208" type="jump" coverage="0%" />
              </conditions>
            </line>
            <line number="10" hits="0" branch="False" />
            <line number="21" hits="0" branch="True" condition-coverage="0% (0/2)">
              <conditions>
                <condition number="670" type="jump" coverage="0%" />
              </conditions>
            </line>
            <line number="22" hits="0" branch="False" />
            <line number="32" hits="0" branch="False" />
            <line number="35" hits="0" branch="False" />
            <line number="52" hits="0" branch="True" condition-coverage="0% (0/8)">
              <conditions>
                <condition number="2281" type="jump" coverage="0%" />
                <condition number="2666" type="jump" coverage="0%" />
                <condition number="3318" type="jump" coverage="0%" />
                <condition number="3970" type="jump" coverage="0%" />
              </conditions>
            </line>
            <line number="53" hits="0" branch="True" condition-coverage="0% (0/2)">
              <conditions>
                <condition number="912" type="jump" coverage="0%" />
              </conditions>
            </line>
            <line number="60" hits="0" branch="False" />
            <line number="62" hits="0" branch="False" />
            <line number="64" hits="0" branch="False" />
            <line number="65" hits="0" branch="False" />
            <line number="67" hits="0" branch="False" />
            <line number="69" hits="0" branch="False" />
            <line number="72" hits="0" branch="True" condition-coverage="0% (0/6)">
              <conditions>
                <condition number="1318" type="jump" coverage="0%" />
                <condition number="1353" type="jump" coverage="0%" />
                <condition number="1374" type="jump" coverage="0%" />
              </conditions>
            </line>
            <line number="73" hits="0" branch="False" />
            <line number="79" hits="0" branch="False" />
            <line number="82" hits="0" branch="False" />
            <line number="264" hits="0" branch="True" condition-coverage="0% (0/2)">
              <conditions>
                <condition number="4176" type="jump" coverage="0%" />
              </conditions>
            </line>
            <line number="265" hits="0" branch="False" />
            <line number="272" hits="0" branch="False" />
            <line number="289" hits="0" branch="True" condition-coverage="0% (0/8)">
              <conditions>
                <condition number="5276" type="jump" coverage="0%" />
                <condition number="5661" type="jump" coverage="0%" />
                <condition number="6313" type="jump" coverage="0%" />
                <condition number="6967" type="jump" coverage="0%" />
              </conditions>
            </line>
            <line number="290" hits="0" branch="True" condition-coverage="0% (0/2)">
              <conditions>
                <condition number="4339" type="jump" coverage="0%" />
              </conditions>
            </line>
            <line number="295" hits="0" branch="True" condition-coverage="0% (0/6)">
              <conditions>
                <condition number="4408" type="jump" coverage="0%" />
                <condition number="4443" type="jump" coverage="0%" />
                <condition number="4466" type="jump" coverage="0%" />
              </conditions>
            </line>
            <line number="296" hits="0" branch="True" condition-coverage="0% (0/2)">
              <conditions>
                <condition number="4816" type="jump" coverage="0%" />
              </conditions>
            </line>
            <line number="305" hits="0" branch="False" />
            <line number="308" hits="0" branch="False" />
            <line number="477" hits="0" branch="True" condition-coverage="0% (0/2)">
              <conditions>
                <condition number="7174" type="jump" coverage="0%" />
              </conditions>
            </line>
            <line number="478" hits="0" branch="False" />
            <line number="485" hits="0" branch="False" />
          </lines>
        </class>
        <class name="AspNetCoreGeneratedDocument.Views__ViewStart/&lt;ExecuteAsync&gt;d__0" filename="Views\_ViewStart.cshtml" line-rate="0" branch-rate="1" complexity="1">
          <methods>
            <method name="MoveNext" signature="()" line-rate="0" branch-rate="1" complexity="1">
              <lines>
                <line number="2" hits="0" branch="False" />
              </lines>
            </method>
          </methods>
          <lines>
            <line number="2" hits="0" branch="False" />
          </lines>
        </class>
        <class name="AspNetCoreGeneratedDocument.Views_Shared__Layout/&lt;ExecuteAsync&gt;d__33" filename="Views\Shared\_Layout.cshtml" line-rate="0" branch-rate="0" complexity="10">
          <methods>
            <method name="MoveNext" signature="()" line-rate="0" branch-rate="0" complexity="10">
              <lines>
                <line number="9" hits="0" branch="False" />
                <line number="10" hits="0" branch="True" condition-coverage="0% (0/2)">
                  <conditions>
                    <condition number="317" type="jump" coverage="0%" />
                  </conditions>
                </line>
                <line number="11" hits="0" branch="True" condition-coverage="0% (0/2)">
                  <conditions>
                    <condition number="511" type="jump" coverage="0%" />
                  </conditions>
                </line>
                <line number="12" hits="0" branch="True" condition-coverage="0% (0/2)">
                  <conditions>
                    <condition number="833" type="jump" coverage="0%" />
                  </conditions>
                </line>
                <line number="14" hits="0" branch="True" condition-coverage="0% (0/4)">
                  <conditions>
                    <condition number="1434" type="jump" coverage="0%" />
                    <condition number="1872" type="jump" coverage="0%" />
                  </conditions>
                </line>
              </lines>
            </method>
          </methods>
          <lines>
            <line number="9" hits="0" branch="False" />
            <line number="10" hits="0" branch="True" condition-coverage="0% (0/2)">
              <conditions>
                <condition number="317" type="jump" coverage="0%" />
              </conditions>
            </line>
            <line number="11" hits="0" branch="True" condition-coverage="0% (0/2)">
              <conditions>
                <condition number="511" type="jump" coverage="0%" />
              </conditions>
            </line>
            <line number="12" hits="0" branch="True" condition-coverage="0% (0/2)">
              <conditions>
                <condition number="833" type="jump" coverage="0%" />
              </conditions>
            </line>
            <line number="14" hits="0" branch="True" condition-coverage="0% (0/4)">
              <conditions>
                <condition number="1434" type="jump" coverage="0%" />
                <condition number="1872" type="jump" coverage="0%" />
              </conditions>
            </line>
          </lines>
        </class>
        <class name="TicketSystemWeb.Models.LoginViewModel" filename="Models\LoginViewModel.cs" line-rate="1" branch-rate="1" complexity="2">
          <methods>
            <method name="get_Username" signature="()" line-rate="1" branch-rate="1" complexity="1">
              <lines>
                <line number="18" hits="17" branch="False" />
              </lines>
            </method>
            <method name="get_Password" signature="()" line-rate="1" branch-rate="1" complexity="1">
              <lines>
                <line number="29" hits="17" branch="False" />
              </lines>
            </method>
          </methods>
          <lines>
            <line number="18" hits="17" branch="False" />
            <line number="29" hits="17" branch="False" />
          </lines>
        </class>
        <class name="TicketSystemWeb.Models.ProjectManagement.Project.Project" filename="Models\Management\Project\Project.cs" line-rate="1" branch-rate="1" complexity="8">
          <methods>
            <method name="get_Id" signature="()" line-rate="1" branch-rate="1" complexity="1">
              <lines>
                <line number="14" hits="19" branch="False" />
              </lines>
            </method>
            <method name="get_Title" signature="()" line-rate="1" branch-rate="1" complexity="1">
              <lines>
                <line number="22" hits="36" branch="False" />
              </lines>
            </method>
            <method name="get_Description" signature="()" line-rate="1" branch-rate="1" complexity="1">
              <lines>
                <line number="30" hits="25" branch="False" />
              </lines>
            </method>
            <method name="get_ProjectGroups" signature="()" line-rate="1" branch-rate="1" complexity="1">
              <lines>
                <line number="38" hits="22" branch="False" />
              </lines>
            </method>
            <method name="get_ProjectManagerId" signature="()" line-rate="1" branch-rate="1" complexity="1">
              <lines>
                <line number="46" hits="15" branch="False" />
              </lines>
            </method>
            <method name="get_ProjectManager" signature="()" line-rate="1" branch-rate="1" complexity="1">
              <lines>
                <line number="54" hits="5" branch="False" />
              </lines>
            </method>
            <method name="get_KanbanBoard" signature="()" line-rate="1" branch-rate="1" complexity="1">
              <lines>
                <line number="62" hits="10" branch="False" />
              </lines>
            </method>
            <method name="get_Tickets" signature="()" line-rate="1" branch-rate="1" complexity="1">
              <lines>
                <line number="70" hits="18" branch="False" />
              </lines>
            </method>
          </methods>
          <lines>
            <line number="14" hits="19" branch="False" />
            <line number="22" hits="36" branch="False" />
            <line number="30" hits="25" branch="False" />
            <line number="38" hits="22" branch="False" />
            <line number="46" hits="15" branch="False" />
            <line number="54" hits="5" branch="False" />
            <line number="62" hits="10" branch="False" />
            <line number="70" hits="18" branch="False" />
          </lines>
        </class>
        <class name="TicketSystemWeb.Models.ProjectManagement.Project.ProjectGroup" filename="Models\Management\Project\ProjectGroup.cs" line-rate="1" branch-rate="1" complexity="5">
          <methods>
            <method name="get_ProjectId" signature="()" line-rate="1" branch-rate="1" complexity="1">
              <lines>
                <line number="14" hits="5" branch="False" />
              </lines>
            </method>
            <method name="get_Project" signature="()" line-rate="1" branch-rate="1" complexity="1">
              <lines>
                <line number="21" hits="8" branch="False" />
              </lines>
            </method>
            <method name="get_GroupId" signature="()" line-rate="1" branch-rate="1" complexity="1">
              <lines>
                <line number="29" hits="5" branch="False" />
              </lines>
            </method>
            <method name="get_Group" signature="()" line-rate="1" branch-rate="1" complexity="1">
              <lines>
                <line number="36" hits="8" branch="False" />
              </lines>
            </method>
            <method name="get_IsApproved" signature="()" line-rate="1" branch-rate="1" complexity="1">
              <lines>
                <line number="38" hits="5" branch="False" />
              </lines>
            </method>
          </methods>
          <lines>
            <line number="14" hits="5" branch="False" />
            <line number="21" hits="8" branch="False" />
            <line number="29" hits="5" branch="False" />
            <line number="36" hits="8" branch="False" />
            <line number="38" hits="5" branch="False" />
          </lines>
        </class>
        <class name="TicketSystemWeb.Models.ProjectManagement.Group.Group" filename="Models\Management\Group\Group.cs" line-rate="1" branch-rate="1" complexity="6">
          <methods>
            <method name="get_Id" signature="()" line-rate="1" branch-rate="1" complexity="1">
              <lines>
                <line number="16" hits="13" branch="False" />
              </lines>
            </method>
            <method name="get_Name" signature="()" line-rate="1" branch-rate="1" complexity="1">
              <lines>
                <line number="23" hits="27" branch="False" />
              </lines>
            </method>
            <method name="get_EmployeeGroups" signature="()" line-rate="1" branch-rate="1" complexity="1">
              <lines>
                <line number="30" hits="17" branch="False" />
              </lines>
            </method>
            <method name="get_ManagerId" signature="()" line-rate="1" branch-rate="1" complexity="1">
              <lines>
                <line number="37" hits="24" branch="False" />
              </lines>
            </method>
            <method name="get_Manager" signature="()" line-rate="1" branch-rate="1" complexity="1">
              <lines>
                <line number="44" hits="8" branch="False" />
              </lines>
            </method>
            <method name="get_ProjectGroups" signature="()" line-rate="1" branch-rate="1" complexity="1">
              <lines>
                <line number="51" hits="16" branch="False" />
              </lines>
            </method>
          </methods>
          <lines>
            <line number="16" hits="13" branch="False" />
            <line number="23" hits="27" branch="False" />
            <line number="30" hits="17" branch="False" />
            <line number="37" hits="24" branch="False" />
            <line number="44" hits="8" branch="False" />
            <line number="51" hits="16" branch="False" />
          </lines>
        </class>
        <class name="TicketSystemWeb.Models.KanbanBoard.KanbanBoard" filename="Models\KanbanBoard\KanbanBoard.cs" line-rate="0.8" branch-rate="1" complexity="5">
          <methods>
            <method name="get_Id" signature="()" line-rate="1" branch-rate="1" complexity="1">
              <lines>
                <line number="16" hits="12" branch="False" />
              </lines>
            </method>
            <method name="get_ProjectName" signature="()" line-rate="1" branch-rate="1" complexity="1">
              <lines>
                <line number="24" hits="4" branch="False" />
              </lines>
            </method>
            <method name="get_ProjectId" signature="()" line-rate="1" branch-rate="1" complexity="1">
              <lines>
                <line number="32" hits="2" branch="False" />
              </lines>
            </method>
            <method name="get_Project" signature="()" line-rate="0" branch-rate="1" complexity="1">
              <lines>
                <line number="40" hits="0" branch="False" />
              </lines>
            </method>
            <method name="get_Columns" signature="()" line-rate="1" branch-rate="1" complexity="1">
              <lines>
                <line number="48" hits="9" branch="False" />
              </lines>
            </method>
          </methods>
          <lines>
            <line number="16" hits="12" branch="False" />
            <line number="24" hits="4" branch="False" />
            <line number="32" hits="2" branch="False" />
            <line number="40" hits="0" branch="False" />
            <line number="48" hits="9" branch="False" />
          </lines>
        </class>
        <class name="TicketSystemWeb.Models.KanbanBoard.KanbanColumn" filename="Models\KanbanBoard\KanbanColumn.cs" line-rate="0.8" branch-rate="1" complexity="5">
          <methods>
            <method name="get_Id" signature="()" line-rate="1" branch-rate="1" complexity="1">
              <lines>
                <line number="14" hits="3" branch="False" />
              </lines>
            </method>
            <method name="get_Name" signature="()" line-rate="1" branch-rate="1" complexity="1">
              <lines>
                <line number="22" hits="13" branch="False" />
              </lines>
            </method>
            <method name="get_Order" signature="()" line-rate="1" branch-rate="1" complexity="1">
              <lines>
                <line number="30" hits="13" branch="False" />
              </lines>
            </method>
            <method name="get_KanbanBoardId" signature="()" line-rate="1" branch-rate="1" complexity="1">
              <lines>
                <line number="38" hits="11" branch="False" />
              </lines>
            </method>
            <method name="get_KanbanBoard" signature="()" line-rate="0" branch-rate="1" complexity="1">
              <lines>
                <line number="46" hits="0" branch="False" />
              </lines>
            </method>
          </methods>
          <lines>
            <line number="14" hits="3" branch="False" />
            <line number="22" hits="13" branch="False" />
            <line number="30" hits="13" branch="False" />
            <line number="38" hits="11" branch="False" />
            <line number="46" hits="0" branch="False" />
          </lines>
        </class>
        <class name="TicketSystemWeb.Models.KanbanBoard.Ticket" filename="Models\KanbanBoard\Ticket.cs" line-rate="0.8887999999999999" branch-rate="1" complexity="9">
          <methods>
            <method name="get_TicketId" signature="()" line-rate="1" branch-rate="1" complexity="1">
              <lines>
                <line number="18" hits="3" branch="False" />
              </lines>
            </method>
            <method name="get_Title" signature="()" line-rate="1" branch-rate="1" complexity="1">
              <lines>
                <line number="28" hits="5" branch="False" />
              </lines>
            </method>
            <method name="get_Description" signature="()" line-rate="1" branch-rate="1" complexity="1">
              <lines>
                <line number="38" hits="4" branch="False" />
              </lines>
            </method>
            <method name="get_Status" signature="()" line-rate="1" branch-rate="1" complexity="1">
              <lines>
                <line number="47" hits="7" branch="False" />
              </lines>
            </method>
            <method name="get_CreatedAt" signature="()" line-rate="1" branch-rate="1" complexity="1">
              <lines>
                <line number="56" hits="9" branch="False" />
              </lines>
            </method>
            <method name="get_ClosedAt" signature="()" line-rate="1" branch-rate="1" complexity="1">
              <lines>
                <line number="64" hits="3" branch="False" />
              </lines>
            </method>
            <method name="get_CreatedBy" signature="()" line-rate="1" branch-rate="1" complexity="1">
              <lines>
                <line number="73" hits="5" branch="False" />
              </lines>
            </method>
            <method name="get_ProjectId" signature="()" line-rate="1" branch-rate="1" complexity="1">
              <lines>
                <line number="81" hits="1" branch="False" />
              </lines>
            </method>
            <method name="get_Project" signature="()" line-rate="0" branch-rate="1" complexity="1">
              <lines>
                <line number="89" hits="0" branch="False" />
              </lines>
            </method>
          </methods>
          <lines>
            <line number="18" hits="3" branch="False" />
            <line number="28" hits="5" branch="False" />
            <line number="38" hits="4" branch="False" />
            <line number="47" hits="7" branch="False" />
            <line number="56" hits="9" branch="False" />
            <line number="64" hits="3" branch="False" />
            <line number="73" hits="5" branch="False" />
            <line number="81" hits="1" branch="False" />
            <line number="89" hits="0" branch="False" />
          </lines>
        </class>
        <class name="TicketSystemWeb.Models.Employee.Employee" filename="Models\Employee\Employee.cs" line-rate="1" branch-rate="1" complexity="1">
          <methods>
            <method name="get_EmployeeGroups" signature="()" line-rate="1" branch-rate="1" complexity="1">
              <lines>
                <line number="17" hits="66" branch="False" />
              </lines>
            </method>
          </methods>
          <lines>
            <line number="17" hits="66" branch="False" />
          </lines>
        </class>
        <class name="TicketSystemWeb.Models.Employee.EmployeeGroup" filename="Models\Employee\EmployeeGroup.cs" line-rate="1" branch-rate="1" complexity="4">
          <methods>
            <method name="get_EmployeeId" signature="()" line-rate="1" branch-rate="1" complexity="1">
              <lines>
                <line number="19" hits="6" branch="False" />
              </lines>
            </method>
            <method name="get_Employee" signature="()" line-rate="1" branch-rate="1" complexity="1">
              <lines>
                <line number="26" hits="9" branch="False" />
              </lines>
            </method>
            <method name="get_GroupId" signature="()" line-rate="1" branch-rate="1" complexity="1">
              <lines>
                <line number="34" hits="6" branch="False" />
              </lines>
            </method>
            <method name="get_Group" signature="()" line-rate="1" branch-rate="1" complexity="1">
              <lines>
                <line number="41" hits="9" branch="False" />
              </lines>
            </method>
          </methods>
          <lines>
            <line number="19" hits="6" branch="False" />
            <line number="26" hits="9" branch="False" />
            <line number="34" hits="6" branch="False" />
            <line number="41" hits="9" branch="False" />
          </lines>
        </class>
        <class name="TicketSystemWeb.ViewModels.AddEmployeeViewModel" filename="Models\Employee\AddEmployeeViewModel.cs" line-rate="1" branch-rate="1" complexity="5">
          <methods>
            <method name="get_UserName" signature="()" line-rate="1" branch-rate="1" complexity="1">
              <lines>
                <line number="14" hits="29" branch="False" />
              </lines>
            </method>
            <method name="get_Email" signature="()" line-rate="1" branch-rate="1" complexity="1">
              <lines>
                <line number="21" hits="17" branch="False" />
              </lines>
            </method>
            <method name="get_Password" signature="()" line-rate="1" branch-rate="1" complexity="1">
              <lines>
                <line number="28" hits="23" branch="False" />
              </lines>
            </method>
            <method name="get_Role" signature="()" line-rate="1" branch-rate="1" complexity="1">
              <lines>
                <line number="35" hits="17" branch="False" />
              </lines>
            </method>
            <method name="get_ManagedGroupIds" signature="()" line-rate="1" branch-rate="1" complexity="1">
              <lines>
                <line number="42" hits="7" branch="False" />
              </lines>
            </method>
          </methods>
          <lines>
            <line number="14" hits="29" branch="False" />
            <line number="21" hits="17" branch="False" />
            <line number="28" hits="23" branch="False" />
            <line number="35" hits="17" branch="False" />
            <line number="42" hits="7" branch="False" />
          </lines>
        </class>
        <class name="TicketSystemWeb.ViewModels.EditEmployeeViewModel" filename="Models\Employee\EditEmployeeViewModel.cs" line-rate="1" branch-rate="1" complexity="4">
          <methods>
            <method name="get_Id" signature="()" line-rate="1" branch-rate="1" complexity="1">
              <lines>
                <line number="14" hits="12" branch="False" />
              </lines>
            </method>
            <method name="get_UserName" signature="()" line-rate="1" branch-rate="1" complexity="1">
              <lines>
                <line number="21" hits="21" branch="False" />
              </lines>
            </method>
            <method name="get_Email" signature="()" line-rate="1" branch-rate="1" complexity="1">
              <lines>
                <line number="28" hits="21" branch="False" />
              </lines>
            </method>
            <method name="get_Role" signature="()" line-rate="1" branch-rate="1" complexity="1">
              <lines>
                <line number="35" hits="23" branch="False" />
              </lines>
            </method>
          </methods>
          <lines>
            <line number="14" hits="12" branch="False" />
            <line number="21" hits="21" branch="False" />
            <line number="28" hits="21" branch="False" />
            <line number="35" hits="23" branch="False" />
          </lines>
        </class>
        <class name="TicketSystemWeb.ViewModels.AddGroupViewModel" filename="Models\Management\Group\AddGroupViewModel.cs" line-rate="1" branch-rate="1" complexity="4">
          <methods>
            <method name="get_Name" signature="()" line-rate="1" branch-rate="1" complexity="1">
              <lines>
                <line number="19" hits="21" branch="False" />
              </lines>
            </method>
            <method name="get_SelectedManagerId" signature="()" line-rate="1" branch-rate="1" complexity="1">
              <lines>
                <line number="27" hits="13" branch="False" />
              </lines>
            </method>
            <method name="get_SelectedEmployeeIds" signature="()" line-rate="1" branch-rate="1" complexity="1">
              <lines>
                <line number="34" hits="14" branch="False" />
              </lines>
            </method>
            <method name="get_AllEmployees" signature="()" line-rate="1" branch-rate="1" complexity="1">
              <lines>
                <line number="41" hits="12" branch="False" />
              </lines>
            </method>
          </methods>
          <lines>
            <line number="19" hits="21" branch="False" />
            <line number="27" hits="13" branch="False" />
            <line number="34" hits="14" branch="False" />
            <line number="41" hits="12" branch="False" />
          </lines>
        </class>
        <class name="TicketSystemWeb.ViewModels.EditGroupViewModel" filename="Models\Management\Group\EditGroupViewModel.cs" line-rate="1" branch-rate="1" complexity="5">
          <methods>
            <method name="get_GroupId" signature="()" line-rate="1" branch-rate="1" complexity="1">
[...]
                  </conditions>
                </line>
                <line number="236" hits="1" branch="False" />
                <line number="237" hits="1" branch="False" />
                <line number="238" hits="1" branch="False" />
                <line number="239" hits="1" branch="False" />
                <line number="240" hits="1" branch="False" />
                <line number="241" hits="1" branch="False" />
                <line number="242" hits="1" branch="False" />
                <line number="243" hits="1" branch="False" />
                <line number="245" hits="1" branch="False" />
                <line number="246" hits="1" branch="False" />
                <line number="247" hits="1" branch="False" />
                <line number="248" hits="1" branch="False" />
                <line number="249" hits="2" branch="False" />
              </lines>
            </method>
          </methods>
          <lines>
            <line number="230" hits="2" branch="False" />
            <line number="231" hits="2" branch="False" />
            <line number="232" hits="2" branch="False" />
            <line number="233" hits="2" branch="False" />
            <line number="234" hits="2" branch="False" />
            <line number="235" hits="3" branch="True" condition-coverage="100% (2/2)">
              <conditions>
                <condition number="452" type="jump" coverage="100%" />
              </conditions>
            </line>
            <line number="236" hits="1" branch="False" />
            <line number="237" hits="1" branch="False" />
            <line number="238" hits="1" branch="False" />
            <line number="239" hits="1" branch="False" />
            <line number="240" hits="1" branch="False" />
            <line number="241" hits="1" branch="False" />
            <line number="242" hits="1" branch="False" />
            <line number="243" hits="1" branch="False" />
            <line number="245" hits="1" branch="False" />
            <line number="246" hits="1" branch="False" />
            <line number="247" hits="1" branch="False" />
            <line number="248" hits="1" branch="False" />
            <line number="249" hits="2" branch="False" />
          </lines>
        </class>
        <class name="TicketSystemWeb.Controllers.ProjectManagementController/&lt;Management&gt;d__3" filename="Controllers\ProjectManagementController.cs" line-rate="1" branch-rate="1" complexity="1">
          <methods>
            <method name="MoveNext" signature="()" line-rate="1" branch-rate="1" complexity="1">
              <lines>
                <line number="41" hits="1" branch="False" />
                <line number="42" hits="1" branch="False" />
                <line number="43" hits="1" branch="False" />
                <line number="44" hits="1" branch="False" />
                <line number="45" hits="1" branch="False" />
                <line number="46" hits="1" branch="False" />
                <line number="48" hits="1" branch="False" />
                <line number="49" hits="1" branch="False" />
                <line number="51" hits="1" branch="False" />
                <line number="52" hits="1" branch="False" />
                <line number="53" hits="1" branch="False" />
                <line number="54" hits="1" branch="False" />
                <line number="56" hits="1" branch="False" />
                <line number="58" hits="1" branch="False" />
                <line number="59" hits="1" branch="False" />
                <line number="60" hits="1" branch="False" />
                <line number="61" hits="1" branch="False" />
                <line number="62" hits="1" branch="False" />
                <line number="64" hits="1" branch="False" />
                <line number="65" hits="1" branch="False" />
                <line number="66" hits="1" branch="False" />
                <line number="67" hits="1" branch="False" />
                <line number="68" hits="1" branch="False" />
                <line number="69" hits="1" branch="False" />
                <line number="70" hits="1" branch="False" />
                <line number="71" hits="1" branch="False" />
                <line number="72" hits="1" branch="False" />
                <line number="73" hits="1" branch="False" />
                <line number="74" hits="1" branch="False" />
                <line number="75" hits="1" branch="False" />
              </lines>
            </method>
          </methods>
          <lines>
            <line number="41" hits="1" branch="False" />
            <line number="42" hits="1" branch="False" />
            <line number="43" hits="1" branch="False" />
            <line number="44" hits="1" branch="False" />
            <line number="45" hits="1" branch="False" />
            <line number="46" hits="1" branch="False" />
            <line number="48" hits="1" branch="False" />
            <line number="49" hits="1" branch="False" />
            <line number="51" hits="1" branch="False" />
            <line number="52" hits="1" branch="False" />
            <line number="53" hits="1" branch="False" />
            <line number="54" hits="1" branch="False" />
            <line number="56" hits="1" branch="False" />
            <line number="58" hits="1" branch="False" />
            <line number="59" hits="1" branch="False" />
            <line number="60" hits="1" branch="False" />
            <line number="61" hits="1" branch="False" />
            <line number="62" hits="1" branch="False" />
            <line number="64" hits="1" branch="False" />
            <line number="65" hits="1" branch="False" />
            <line number="66" hits="1" branch="False" />
            <line number="67" hits="1" branch="False" />
            <line number="68" hits="1" branch="False" />
            <line number="69" hits="1" branch="False" />
            <line number="70" hits="1" branch="False" />
            <line number="71" hits="1" branch="False" />
            <line number="72" hits="1" branch="False" />
            <line number="73" hits="1" branch="False" />
            <line number="74" hits="1" branch="False" />
            <line number="75" hits="1" branch="False" />
          </lines>
        </class>
        <class name="TicketSystemWeb.Controllers.ProjectManagementController/&lt;UpdateGroup&gt;d__10" filename="Controllers\ProjectManagementController.cs" line-rate="0.3703" branch-rate="0.5" complexity="10">
          <methods>
            <method name="MoveNext" signature="()" line-rate="0.3703" branch-rate="0.5" complexity="10">
              <lines>
                <line number="335" hits="2" branch="False" />
                <line number="336" hits="2" branch="True" condition-coverage="50% (1/2)">
                  <conditions>
                    <condition number="78" type="jump" coverage="50%" />
                  </conditions>
                </line>
                <line number="337" hits="0" branch="False" />
                <line number="338" hits="0" branch="False" />
                <line number="340" hits="2" branch="False" />
                <line number="341" hits="3" branch="True" condition-coverage="100% (2/2)">
                  <conditions>
                    <condition number="286" type="jump" coverage="100%" />
                  </conditions>
                </line>
                <line number="342" hits="1" branch="False" />
                <line number="343" hits="1" branch="False" />
                <line number="344" hits="1" branch="True" condition-coverage="50% (2/4)">
                  <conditions>
                    <condition number="387" type="jump" coverage="50%" />
                    <condition number="405" type="jump" coverage="50%" />
                  </conditions>
                </line>
                <line number="345" hits="1" branch="False" />
                <line number="346" hits="1" branch="False" />
                <line number="348" hits="0" branch="False" />
                <line number="349" hits="0" branch="False" />
                <line number="350" hits="0" branch="False" />
                <line number="351" hits="0" branch="False" />
                <line number="352" hits="0" branch="False" />
                <line number="353" hits="0" branch="True" condition-coverage="0% (0/2)">
                  <conditions>
                    <condition number="775" type="jump" coverage="0%" />
                  </conditions>
                </line>
                <line number="354" hits="0" branch="False" />
                <line number="355" hits="0" branch="False" />
                <line number="356" hits="0" branch="False" />
                <line number="357" hits="0" branch="False" />
                <line number="358" hits="0" branch="False" />
                <line number="359" hits="0" branch="False" />
                <line number="360" hits="0" branch="False" />
                <line number="361" hits="0" branch="False" />
                <line number="362" hits="0" branch="False" />
                <line number="363" hits="2" branch="False" />
              </lines>
            </method>
          </methods>
          <lines>
            <line number="335" hits="2" branch="False" />
            <line number="336" hits="2" branch="True" condition-coverage="50% (1/2)">
              <conditions>
                <condition number="78" type="jump" coverage="50%" />
              </conditions>
            </line>
            <line number="337" hits="0" branch="False" />
            <line number="338" hits="0" branch="False" />
            <line number="340" hits="2" branch="False" />
            <line number="341" hits="3" branch="True" condition-coverage="100% (2/2)">
              <conditions>
                <condition number="286" type="jump" coverage="100%" />
              </conditions>
            </line>
            <line number="342" hits="1" branch="False" />
            <line number="343" hits="1" branch="False" />
            <line number="344" hits="1" branch="True" condition-coverage="50% (2/4)">
              <conditions>
                <condition number="387" type="jump" coverage="50%" />
                <condition number="405" type="jump" coverage="50%" />
              </conditions>
            </line>
            <line number="345" hits="1" branch="False" />
            <line number="346" hits="1" branch="False" />
            <line number="348" hits="0" branch="False" />
            <line number="349" hits="0" branch="False" />
            <line number="350" hits="0" branch="False" />
            <line number="351" hits="0" branch="False" />
            <line number="352" hits="0" branch="False" />
            <line number="353" hits="0" branch="True" condition-coverage="0% (0/2)">
              <conditions>
                <condition number="775" type="jump" coverage="0%" />
              </conditions>
            </line>
            <line number="354" hits="0" branch="False" />
            <line number="355" hits="0" branch="False" />
            <line number="356" hits="0" branch="False" />
            <line number="357" hits="0" branch="False" />
            <line number="358" hits="0" branch="False" />
            <line number="359" hits="0" branch="False" />
            <line number="360" hits="0" branch="False" />
            <line number="361" hits="0" branch="False" />
            <line number="362" hits="0" branch="False" />
            <line number="363" hits="2" branch="False" />
          </lines>
        </class>
        <class name="TicketSystemWeb.Controllers.ProjectManagementController/&lt;UpdateProject&gt;d__6" filename="Controllers\ProjectManagementController.cs" line-rate="0.325" branch-rate="0.3333" complexity="18">
          <methods>
            <method name="MoveNext" signature="()" line-rate="0.325" branch-rate="0.3333" complexity="18">
              <lines>
                <line number="175" hits="2" branch="False" />
                <line number="176" hits="2" branch="True" condition-coverage="50% (1/2)">
                  <conditions>
                    <condition number="110" type="jump" coverage="50%" />
                  </conditions>
                </line>
                <line number="177" hits="0" branch="False" />
                <line number="178" hits="0" branch="False" />
                <line number="180" hits="2" branch="False" />
                <line number="181" hits="2" branch="True" condition-coverage="50% (1/2)">
                  <conditions>
                    <condition number="290" type="jump" coverage="50%" />
                  </conditions>
                </line>
                <line number="182" hits="2" branch="False" />
                <line number="183" hits="2" branch="False" />
                <line number="184" hits="2" branch="False" />
                <line number="185" hits="3" branch="True" condition-coverage="100% (2/2)">
                  <conditions>
                    <condition number="657" type="jump" coverage="100%" />
                  </conditions>
                </line>
                <line number="186" hits="1" branch="False" />
                <line number="187" hits="1" branch="True" condition-coverage="50% (2/4)">
                  <conditions>
                    <condition number="820" type="jump" coverage="50%" />
                    <condition number="856" type="jump" coverage="50%" />
                  </conditions>
                </line>
                <line number="188" hits="1" branch="False" />
                <line number="189" hits="1" branch="False" />
                <line number="191" hits="0" branch="False" />
                <line number="192" hits="0" branch="False" />
                <line number="193" hits="0" branch="True" condition-coverage="0% (0/2)">
                  <conditions>
                    <condition number="968" type="jump" coverage="0%" />
                  </conditions>
                </line>
                <line number="194" hits="0" branch="False" />
                <line number="195" hits="0" branch="False" />
                <line number="196" hits="0" branch="True" condition-coverage="0% (0/2)">
                  <conditions>
                    <condition number="1155" type="jump" coverage="0%" />
                  </conditions>
                </line>
                <line number="197" hits="0" branch="False" />
                <line number="198" hits="0" branch="False" />
                <line number="199" hits="0" branch="False" />
                <line number="200" hits="0" branch="False" />
                <line number="201" hits="0" branch="False" />
                <line number="203" hits="0" branch="True" condition-coverage="0% (0/2)">
                  <conditions>
                    <condition number="1289" type="jump" coverage="0%" />
                  </conditions>
                </line>
                <line number="205" hits="0" branch="False" />
                <line number="207" hits="0" branch="False" />
                <line number="209" hits="0" branch="True" condition-coverage="0% (0/2)">
                  <conditions>
                    <condition number="1481" type="jump" coverage="0%" />
                  </conditions>
                </line>
                <line number="210" hits="0" branch="False" />
                <line number="211" hits="0" branch="False" />
                <line number="212" hits="0" branch="False" />
                <line number="213" hits="0" branch="False" />
                <line number="214" hits="0" branch="False" />
                <line number="215" hits="0" branch="False" />
                <line number="216" hits="0" branch="False" />
                <line number="218" hits="0" branch="False" />
                <line number="219" hits="0" branch="False" />
                <line number="220" hits="0" branch="False" />
                <line number="221" hits="2" branch="False" />
              </lines>
            </method>
          </methods>
          <lines>
            <line number="175" hits="2" branch="False" />
            <line number="176" hits="2" branch="True" condition-coverage="50% (1/2)">
              <conditions>
                <condition number="110" type="jump" coverage="50%" />
              </conditions>
            </line>
            <line number="177" hits="0" branch="False" />
            <line number="178" hits="0" branch="False" />
            <line number="180" hits="2" branch="False" />
            <line number="181" hits="2" branch="True" condition-coverage="50% (1/2)">
              <conditions>
                <condition number="290" type="jump" coverage="50%" />
              </conditions>
            </line>
            <line number="182" hits="2" branch="False" />
            <line number="183" hits="2" branch="False" />
            <line number="184" hits="2" branch="False" />
            <line number="185" hits="3" branch="True" condition-coverage="100% (2/2)">
              <conditions>
                <condition number="657" type="jump" coverage="100%" />
              </conditions>
            </line>
            <line number="186" hits="1" branch="False" />
            <line number="187" hits="1" branch="True" condition-coverage="50% (2/4)">
              <conditions>
                <condition number="820" type="jump" coverage="50%" />
                <condition number="856" type="jump" coverage="50%" />
              </conditions>
            </line>
            <line number="188" hits="1" branch="False" />
            <line number="189" hits="1" branch="False" />
            <line number="191" hits="0" branch="False" />
            <line number="192" hits="0" branch="False" />
            <line number="193" hits="0" branch="True" condition-coverage="0% (0/2)">
              <conditions>
                <condition number="968" type="jump" coverage="0%" />
              </conditions>
            </line>
            <line number="194" hits="0" branch="False" />
            <line number="195" hits="0" branch="False" />
            <line number="196" hits="0" branch="True" condition-coverage="0% (0/2)">
              <conditions>
                <condition number="1155" type="jump" coverage="0%" />
              </conditions>
            </line>
            <line number="197" hits="0" branch="False" />
            <line number="198" hits="0" branch="False" />
            <line number="199" hits="0" branch="False" />
            <line number="200" hits="0" branch="False" />
            <line number="201" hits="0" branch="False" />
            <line number="203" hits="0" branch="True" condition-coverage="0% (0/2)">
              <conditions>
                <condition number="1289" type="jump" coverage="0%" />
              </conditions>
            </line>
            <line number="205" hits="0" branch="False" />
            <line number="207" hits="0" branch="False" />
            <line number="209" hits="0" branch="True" condition-coverage="0% (0/2)">
              <conditions>
                <condition number="1481" type="jump" coverage="0%" />
              </conditions>
            </line>
            <line number="210" hits="0" branch="False" />
            <line number="211" hits="0" branch="False" />
            <line number="212" hits="0" branch="False" />
            <line number="213" hits="0" branch="False" />
            <line number="214" hits="0" branch="False" />
            <line number="215" hits="0" branch="False" />
            <line number="216" hits="0" branch="False" />
            <line number="218" hits="0" branch="False" />
            <line number="219" hits="0" branch="False" />
            <line number="220" hits="0" branch="False" />
            <line number="221" hits="2" branch="False" />
          </lines>
        </class>
      </classes>
    </package>
  </packages>
</coverage>